#
# There is insufficient memory for the Java Runtime Environment to continue.
# Native memory allocation (malloc) failed to allocate 499376 bytes for Chunk::new
# Possible reasons:
#   The system is out of physical RAM or swap space
#   The process is running with CompressedOops enabled, and the Java Heap may be blocking the growth of the native heap
# Possible solutions:
#   Reduce memory load on the system
#   Increase physical memory or swap space
#   Check if swap backing store is full
#   Decrease Java heap size (-Xmx/-Xms)
#   Decrease number of Java threads
#   Decrease Java thread stack sizes (-Xss)
#   Set larger code cache with -XX:ReservedCodeCacheSize=
#   JVM is running with Unscaled Compressed Oops mode in which the Java heap is
#     placed in the first 4GB address space. The Java Heap base address is the
#     maximum limit for the native heap growth. Please use -XX:HeapBaseMinAddress
#     to set the Java Heap base and to place the Java Heap above 4GB virtual address.
# This output file may be truncated or incomplete.
#
#  Out of Memory Error (./src/hotspot/share/memory/arena.cpp:197), pid=32004, tid=12432
#
# JRE version: OpenJDK Runtime Environment AdoptOpenJDK (11.0.10+9) (build 11.0.10+9)
# Java VM: OpenJDK 64-Bit Server VM AdoptOpenJDK (11.0.10+9, mixed mode, tiered, compressed oops, g1 gc, windows-amd64)
# No core dump will be written. Minidumps are not enabled by default on client versions of Windows
#

---------------  S U M M A R Y ------------

Command Line: --add-opens=java.base/java.util=ALL-UNNAMED --add-opens=java.base/java.lang=ALL-UNNAMED --add-opens=java.base/java.lang.invoke=ALL-UNNAMED --add-opens=java.prefs/java.util.prefs=ALL-UNNAMED -XX:MaxMetaspaceSize=256m -XX:+HeapDumpOnOutOfMemoryError -Xms256m -Xmx512m -Dfile.encoding=utf8 -Duser.country=US -Duser.language=en -Duser.variant org.gradle.launcher.daemon.bootstrap.GradleDaemon 6.8.2

Host: Intel(R) Core(TM) i7-7700HQ CPU @ 2.80GHz, 8 cores, 15G,  Windows 10 , 64 bit Build 19041 (10.0.19041.662)
Time: Sat Feb 20 16:20:17 2021 Pacific Standard Time elapsed time: 69.263077 seconds (0d 0h 1m 9s)

---------------  T H R E A D  ---------------

Current thread (0x000002be78ee3000):  JavaThread "C2 CompilerThread0" daemon [_thread_in_native, id=12432, stack(0x000000d388e00000,0x000000d388f00000)]


Current CompileTask:
C2:  69263 11888       4       org.gradle.cache.internal.btree.BTreePersistentIndexedCache$IndexBlock::find (140 bytes)

Stack: [0x000000d388e00000,0x000000d388f00000]
Native frames: (J=compiled Java code, j=interpreted, Vv=VM code, C=native code)
V  [jvm.dll+0x5f35ea]
V  [jvm.dll+0x77c65e]
V  [jvm.dll+0x77dd2f]
V  [jvm.dll+0x77e3f3]
V  [jvm.dll+0x246c38]
V  [jvm.dll+0xbe6cc]
V  [jvm.dll+0xbedcc]
V  [jvm.dll+0x34bfd7]
V  [jvm.dll+0x319e33]
V  [jvm.dll+0x31916a]
V  [jvm.dll+0x200525]
V  [jvm.dll+0x1ff70f]
V  [jvm.dll+0x1846bc]
V  [jvm.dll+0x20ec37]
V  [jvm.dll+0x20ce1b]
V  [jvm.dll+0x740b39]
V  [jvm.dll+0x739ba4]
V  [jvm.dll+0x5f2466]
C  [ucrtbase.dll+0x214c2]
C  [KERNEL32.DLL+0x17034]
C  [ntdll.dll+0x4d0d1]


---------------  P R O C E S S  ---------------

Threads class SMR info:
_java_thread_list=0x000002be7f0f5a70, length=55, elements={
0x000002be5c63c800, 0x000002be78556800, 0x000002be78559800, 0x000002be78572800,
0x000002be78573800, 0x000002be78ed4000, 0x000002be78ee3000, 0x000002be78578800,
0x000002be7857c000, 0x000002be79040800, 0x000002be7a6d7800, 0x000002be79111000,
0x000002be7af7f000, 0x000002be7b456800, 0x000002be7b5e1800, 0x000002be7b926000,
0x000002be7a438000, 0x000002be7ac82800, 0x000002be7acc0000, 0x000002be7acc0800,
0x000002be7acbf000, 0x000002be7acc1800, 0x000002be7acc2800, 0x000002be7acbe000,
0x000002be7acc3000, 0x000002be7acbd800, 0x000002be7acc4000, 0x000002be7c20c800,
0x000002be7c209800, 0x000002be7c20c000, 0x000002be7c215000, 0x000002be7c214000,
0x000002be7c210800, 0x000002be7c215800, 0x000002be7c216800, 0x000002be7c213000,
0x000002be7c217800, 0x000002be7c212800, 0x000002be7c211800, 0x000002be7c218000,
0x000002be7c1dc800, 0x000002be7c1dd000, 0x000002be7c1de000, 0x000002be7c1df800,
0x000002be7c1df000, 0x000002be7c1e0800, 0x000002be7c1e1800, 0x000002be7c1db800,
0x000002be7c1e6000, 0x000002be7c1e4800, 0x000002be7c1e8000, 0x000002be7c1e7000,
0x000002be7c1e3000, 0x000002be7c1e3800, 0x000002be7c1e5800
}

Java Threads: ( => current thread )
  0x000002be5c63c800 JavaThread "main" [_thread_blocked, id=28380, stack(0x000000d388200000,0x000000d388300000)]
  0x000002be78556800 JavaThread "Reference Handler" daemon [_thread_blocked, id=7824, stack(0x000000d388900000,0x000000d388a00000)]
  0x000002be78559800 JavaThread "Finalizer" daemon [_thread_blocked, id=28344, stack(0x000000d388a00000,0x000000d388b00000)]
  0x000002be78572800 JavaThread "Signal Dispatcher" daemon [_thread_blocked, id=23760, stack(0x000000d388b00000,0x000000d388c00000)]
  0x000002be78573800 JavaThread "Attach Listener" daemon [_thread_blocked, id=24484, stack(0x000000d388c00000,0x000000d388d00000)]
  0x000002be78ed4000 JavaThread "Service Thread" daemon [_thread_blocked, id=32236, stack(0x000000d388d00000,0x000000d388e00000)]
=>0x000002be78ee3000 JavaThread "C2 CompilerThread0" daemon [_thread_in_native, id=12432, stack(0x000000d388e00000,0x000000d388f00000)]
  0x000002be78578800 JavaThread "C1 CompilerThread0" daemon [_thread_blocked, id=36480, stack(0x000000d388f00000,0x000000d389000000)]
  0x000002be7857c000 JavaThread "Sweeper thread" daemon [_thread_blocked, id=36248, stack(0x000000d389000000,0x000000d389100000)]
  0x000002be79040800 JavaThread "Common-Cleaner" daemon [_thread_blocked, id=26060, stack(0x000000d389100000,0x000000d389200000)]
  0x000002be7a6d7800 JavaThread "Daemon health stats" [_thread_blocked, id=436, stack(0x000000d389a00000,0x000000d389b00000)]
  0x000002be79111000 JavaThread "Incoming local TCP Connector on port 55104" [_thread_in_native, id=35036, stack(0x000000d389b00000,0x000000d389c00000)]
  0x000002be7af7f000 JavaThread "Daemon periodic checks" [_thread_blocked, id=2736, stack(0x000000d389c00000,0x000000d389d00000)]
  0x000002be7b456800 JavaThread "Daemon" [_thread_blocked, id=37760, stack(0x000000d389d00000,0x000000d389e00000)]
  0x000002be7b5e1800 JavaThread "Handler for socket connection from /127.0.0.1:55104 to /127.0.0.1:55105" [_thread_in_native, id=22420, stack(0x000000d389e00000,0x000000d389f00000)]
  0x000002be7b926000 JavaThread "Cancel handler" [_thread_blocked, id=35312, stack(0x000000d389f00000,0x000000d38a000000)]
  0x000002be7a438000 JavaThread "Daemon worker" [_thread_in_native, id=18380, stack(0x000000d38a000000,0x000000d38a100000)]
  0x000002be7ac82800 JavaThread "Asynchronous log dispatcher for DefaultDaemonConnection: socket connection from /127.0.0.1:55104 to /127.0.0.1:55105" [_thread_blocked, id=27108, stack(0x000000d38a100000,0x000000d38a200000)]
  0x000002be7acc0000 JavaThread "Daemon client event forwarder" [_thread_blocked, id=29932, stack(0x000000d38a300000,0x000000d38a400000)]
  0x000002be7acc0800 JavaThread "Cache worker for file hash cache (C:\Users\jclee\.gradle\caches\6.8.2\fileHashes)" [_thread_blocked, id=23936, stack(0x000000d38a700000,0x000000d38a800000)]
  0x000002be7acbf000 JavaThread "File lock request listener" [_thread_in_native, id=6596, stack(0x000000d38a800000,0x000000d38a900000)]
  0x000002be7acc1800 JavaThread "Cache worker for journal cache (C:\Users\jclee\.gradle\caches\journal-1)" [_thread_blocked, id=33656, stack(0x000000d38a900000,0x000000d38aa00000)]
  0x000002be7acc2800 JavaThread "Cache worker for file hash cache (D:\CMPE 172\lab3\spring-gumball\.gradle\6.8.2\fileHashes)" [_thread_blocked, id=10452, stack(0x000000d38ab00000,0x000000d38ac00000)]
  0x000002be7acbe000 JavaThread "jar transforms" [_thread_blocked, id=11392, stack(0x000000d38ad00000,0x000000d38ae00000)]
  0x000002be7acc3000 JavaThread "jar transforms Thread 2" [_thread_blocked, id=16036, stack(0x000000d38ae00000,0x000000d38af00000)]
  0x000002be7acbd800 JavaThread "Cache worker for checksums cache (D:\CMPE 172\lab3\spring-gumball\.gradle\checksums)" [_thread_blocked, id=17580, stack(0x000000d38af00000,0x000000d38b000000)]
  0x000002be7acc4000 JavaThread "Cache worker for cache directory md-supplier (C:\Users\jclee\.gradle\caches\6.8.2\md-supplier)" [_thread_blocked, id=27180, stack(0x000000d38ac00000,0x000000d38ad00000)]
  0x000002be7c20c800 JavaThread "Cache worker for cache directory md-rule (C:\Users\jclee\.gradle\caches\6.8.2\md-rule)" [_thread_blocked, id=18816, stack(0x000000d38b000000,0x000000d38b100000)]
  0x000002be7c209800 JavaThread "Cache worker for execution history cache (C:\Users\jclee\.gradle\caches\6.8.2\executionHistory)" [_thread_blocked, id=25164, stack(0x000000d38b100000,0x000000d38b200000)]
  0x000002be7c20c000 JavaThread "Cache worker for file content cache (C:\Users\jclee\.gradle\caches\6.8.2\fileContent)" [_thread_blocked, id=15324, stack(0x000000d38b200000,0x000000d38b300000)]
  0x000002be7c215000 JavaThread "Cache worker for Build Output Cleanup Cache (D:\CMPE 172\lab3\spring-gumball\.gradle\buildOutputCleanup)" [_thread_blocked, id=23316, stack(0x000000d38aa00000,0x000000d38ab00000)]
  0x000002be7c214000 JavaThread "Build operations" [_thread_blocked, id=16544, stack(0x000000d38b300000,0x000000d38b400000)]
  0x000002be7c210800 JavaThread "Build operations Thread 2" [_thread_blocked, id=10340, stack(0x000000d38b500000,0x000000d38b600000)]
  0x000002be7c215800 JavaThread "Build operations Thread 3" [_thread_blocked, id=11496, stack(0x000000d38b600000,0x000000d38b700000)]
  0x000002be7c216800 JavaThread "Build operations Thread 4" [_thread_blocked, id=9984, stack(0x000000d38b700000,0x000000d38b800000)]
  0x000002be7c213000 JavaThread "Build operations Thread 5" [_thread_blocked, id=33772, stack(0x000000d38ba00000,0x000000d38bb00000)]
  0x000002be7c217800 JavaThread "Build operations Thread 6" [_thread_blocked, id=6164, stack(0x000000d38bb00000,0x000000d38bc00000)]
  0x000002be7c212800 JavaThread "Build operations Thread 7" [_thread_blocked, id=35832, stack(0x000000d38bc00000,0x000000d38bd00000)]
  0x000002be7c211800 JavaThread "Build operations Thread 8" [_thread_blocked, id=21964, stack(0x000000d38bd00000,0x000000d38be00000)]
  0x000002be7c218000 JavaThread "jar transforms Thread 3" [_thread_blocked, id=7756, stack(0x000000d38b800000,0x000000d38b900000)]
  0x000002be7c1dc800 JavaThread "jar transforms Thread 4" [_thread_blocked, id=19676, stack(0x000000d38b900000,0x000000d38ba00000)]
  0x000002be7c1dd000 JavaThread "jar transforms Thread 5" [_thread_blocked, id=34656, stack(0x000000d38be00000,0x000000d38bf00000)]
  0x000002be7c1de000 JavaThread "jar transforms Thread 6" [_thread_blocked, id=23088, stack(0x000000d38bf00000,0x000000d38c000000)]
  0x000002be7c1df800 JavaThread "jar transforms Thread 7" [_thread_blocked, id=34932, stack(0x000000d38c000000,0x000000d38c100000)]
  0x000002be7c1df000 JavaThread "jar transforms Thread 8" [_thread_blocked, id=33132, stack(0x000000d38c300000,0x000000d38c400000)]
  0x000002be7c1e0800 JavaThread "jar transforms Thread 9" [_thread_blocked, id=7144, stack(0x000000d38c400000,0x000000d38c500000)]
  0x000002be7c1e1800 JavaThread "jar transforms Thread 10" [_thread_blocked, id=12200, stack(0x000000d38c500000,0x000000d38c600000)]
  0x000002be7c1db800 JavaThread "jar transforms Thread 11" [_thread_blocked, id=32840, stack(0x000000d38c600000,0x000000d38c700000)]
  0x000002be7c1e6000 JavaThread "jar transforms Thread 12" [_thread_blocked, id=18084, stack(0x000000d38c700000,0x000000d38c800000)]
  0x000002be7c1e4800 JavaThread "jar transforms Thread 13" [_thread_blocked, id=920, stack(0x000000d38c800000,0x000000d38c900000)]
  0x000002be7c1e8000 JavaThread "jar transforms Thread 14" [_thread_blocked, id=2172, stack(0x000000d38c900000,0x000000d38ca00000)]
  0x000002be7c1e7000 JavaThread "jar transforms Thread 15" [_thread_blocked, id=26336, stack(0x000000d38ca00000,0x000000d38cb00000)]
  0x000002be7c1e3000 JavaThread "jar transforms Thread 16" [_thread_blocked, id=6836, stack(0x000000d38cb00000,0x000000d38cc00000)]
  0x000002be7c1e3800 JavaThread "jar transforms Thread 17" [_thread_blocked, id=27448, stack(0x000000d38cc00000,0x000000d38cd00000)]
  0x000002be7c1e5800 JavaThread "Memory manager" [_thread_blocked, id=28520, stack(0x000000d38cd00000,0x000000d38ce00000)]

Other Threads:
  0x000002be78532000 VMThread "VM Thread" [stack: 0x000000d388800000,0x000000d388900000] [id=27508]
  0x000002be7905f000 WatcherThread [stack: 0x000000d389200000,0x000000d389300000] [id=15348]
  0x000002be5c658000 GCTaskThread "GC Thread#0" [stack: 0x000000d388300000,0x000000d388400000] [id=28184]
  0x000002be79ba2000 GCTaskThread "GC Thread#1" [stack: 0x000000d389400000,0x000000d389500000] [id=13236]
  0x000002be797d2800 GCTaskThread "GC Thread#2" [stack: 0x000000d389500000,0x000000d389600000] [id=36612]
  0x000002be79b33800 GCTaskThread "GC Thread#3" [stack: 0x000000d389600000,0x000000d389700000] [id=3520]
  0x000002be797b2800 GCTaskThread "GC Thread#4" [stack: 0x000000d389700000,0x000000d389800000] [id=31972]
  0x000002be79753800 GCTaskThread "GC Thread#5" [stack: 0x000000d389800000,0x000000d389900000] [id=31548]
  0x000002be7b6c7000 GCTaskThread "GC Thread#6" [stack: 0x000000d38a500000,0x000000d38a600000] [id=22572]
  0x000002be7a80d800 GCTaskThread "GC Thread#7" [stack: 0x000000d38a600000,0x000000d38a700000] [id=27352]
  0x000002be5c66a800 ConcurrentGCThread "G1 Main Marker" [stack: 0x000000d388400000,0x000000d388500000] [id=31924]
  0x000002be5c66b800 ConcurrentGCThread "G1 Conc#0" [stack: 0x000000d388500000,0x000000d388600000] [id=33524]
  0x000002be7a725800 ConcurrentGCThread "G1 Conc#1" [stack: 0x000000d38a400000,0x000000d38a500000] [id=34760]
  0x000002be5c71e800 ConcurrentGCThread "G1 Refine#0" [stack: 0x000000d388600000,0x000000d388700000] [id=33796]
  0x000002be783ce800 ConcurrentGCThread "G1 Young RemSet Sampling" [stack: 0x000000d388700000,0x000000d388800000] [id=26344]

Threads with active compile tasks:
C2 CompilerThread0  69384 11888       4       org.gradle.cache.internal.btree.BTreePersistentIndexedCache$IndexBlock::find (140 bytes)

VM state:not at safepoint (normal execution)

VM Mutex/Monitor currently owned by a thread: None

Heap address: 0x00000000e0000000, size: 512 MB, Compressed Oops mode: 32-bit
Narrow klass base: 0x0000000000000000, Narrow klass shift: 3
Compressed class space size: 260046848 Address: 0x0000000100000000

Heap:
 garbage-first heap   total 262144K, used 166002K [0x00000000e0000000, 0x0000000100000000)
  region size 1024K, 130 young (133120K), 14 survivors (14336K)
 Metaspace       used 71088K, capacity 73013K, committed 73088K, reserved 319488K
  class space    used 8613K, capacity 9287K, committed 9344K, reserved 253952K
Heap Regions: E=young(eden), S=young(survivor), O=old, HS=humongous(starts), HC=humongous(continues), CS=collection set, F=free, A=archive, TAMS=top-at-mark-start (previous, next)
|   0|0x00000000e0000000, 0x00000000e0100000, 0x00000000e0100000|100%| O|  |TAMS 0x00000000e0100000, 0x00000000e0000000| Untracked 
|   1|0x00000000e0100000, 0x00000000e0200000, 0x00000000e0200000|100%| O|  |TAMS 0x00000000e0200000, 0x00000000e0100000| Untracked 
|   2|0x00000000e0200000, 0x00000000e0300000, 0x00000000e0300000|100%| O|  |TAMS 0x00000000e0300000, 0x00000000e0200000| Untracked 
|   3|0x00000000e0300000, 0x00000000e0400000, 0x00000000e0400000|100%|HS|  |TAMS 0x00000000e0400000, 0x00000000e0300000| Complete 
|   4|0x00000000e0400000, 0x00000000e0500000, 0x00000000e0500000|100%|HC|  |TAMS 0x00000000e0500000, 0x00000000e0400000| Complete 
|   5|0x00000000e0500000, 0x00000000e0600000, 0x00000000e0600000|100%|HC|  |TAMS 0x00000000e0600000, 0x00000000e0500000| Complete 
|   6|0x00000000e0600000, 0x00000000e0700000, 0x00000000e0700000|100%| O|  |TAMS 0x00000000e0700000, 0x00000000e0600000| Untracked 
|   7|0x00000000e0700000, 0x00000000e0800000, 0x00000000e0800000|100%| O|  |TAMS 0x00000000e0800000, 0x00000000e0700000| Untracked 
|   8|0x00000000e0800000, 0x00000000e0900000, 0x00000000e0900000|100%| O|  |TAMS 0x00000000e0900000, 0x00000000e0800000| Untracked 
|   9|0x00000000e0900000, 0x00000000e0a00000, 0x00000000e0a00000|100%| O|  |TAMS 0x00000000e0a00000, 0x00000000e0900000| Untracked 
|  10|0x00000000e0a00000, 0x00000000e0b00000, 0x00000000e0b00000|100%| O|  |TAMS 0x00000000e0b00000, 0x00000000e0a00000| Untracked 
|  11|0x00000000e0b00000, 0x00000000e0c00000, 0x00000000e0c00000|100%| O|  |TAMS 0x00000000e0c00000, 0x00000000e0b00000| Untracked 
|  12|0x00000000e0c00000, 0x00000000e0d00000, 0x00000000e0d00000|100%| O|  |TAMS 0x00000000e0d00000, 0x00000000e0c00000| Untracked 
|  13|0x00000000e0d00000, 0x00000000e0e00000, 0x00000000e0e00000|100%| O|  |TAMS 0x00000000e0e00000, 0x00000000e0d00000| Untracked 
|  14|0x00000000e0e00000, 0x00000000e0f00000, 0x00000000e0f00000|100%| O|  |TAMS 0x00000000e0f00000, 0x00000000e0e00000| Untracked 
|  15|0x00000000e0f00000, 0x00000000e1000000, 0x00000000e1000000|100%| O|  |TAMS 0x00000000e1000000, 0x00000000e0f00000| Untracked 
|  16|0x00000000e1000000, 0x00000000e1100000, 0x00000000e1100000|100%| O|  |TAMS 0x00000000e1100000, 0x00000000e1000000| Untracked 
|  17|0x00000000e1100000, 0x00000000e1200000, 0x00000000e1200000|100%| O|  |TAMS 0x00000000e1200000, 0x00000000e1100000| Untracked 
|  18|0x00000000e1200000, 0x00000000e1300000, 0x00000000e1300000|100%| O|  |TAMS 0x00000000e1300000, 0x00000000e1200000| Untracked 
|  19|0x00000000e1300000, 0x00000000e1400000, 0x00000000e1400000|100%| O|  |TAMS 0x00000000e1400000, 0x00000000e1300000| Untracked 
|  20|0x00000000e1400000, 0x00000000e1500000, 0x00000000e1500000|100%| O|  |TAMS 0x00000000e1500000, 0x00000000e1400000| Untracked 
|  21|0x00000000e1500000, 0x00000000e1600000, 0x00000000e1600000|100%| O|  |TAMS 0x00000000e1522a00, 0x00000000e1500000| Untracked 
|  22|0x00000000e1600000, 0x00000000e1700000, 0x00000000e1700000|100%| O|  |TAMS 0x00000000e1600000, 0x00000000e1600000| Untracked 
|  23|0x00000000e1700000, 0x00000000e1800000, 0x00000000e1800000|100%| O|  |TAMS 0x00000000e1700000, 0x00000000e1700000| Untracked 
|  24|0x00000000e1800000, 0x00000000e1900000, 0x00000000e1900000|100%| O|  |TAMS 0x00000000e1800000, 0x00000000e1800000| Untracked 
|  25|0x00000000e1900000, 0x00000000e1a00000, 0x00000000e1a00000|100%| O|  |TAMS 0x00000000e1900000, 0x00000000e1900000| Untracked 
|  26|0x00000000e1a00000, 0x00000000e1b00000, 0x00000000e1b00000|100%| O|  |TAMS 0x00000000e1a00000, 0x00000000e1a00000| Untracked 
|  27|0x00000000e1b00000, 0x00000000e1c00000, 0x00000000e1c00000|100%| O|  |TAMS 0x00000000e1b00000, 0x00000000e1b00000| Untracked 
|  28|0x00000000e1c00000, 0x00000000e1d00000, 0x00000000e1d00000|100%| O|  |TAMS 0x00000000e1c00000, 0x00000000e1c00000| Untracked 
|  29|0x00000000e1d00000, 0x00000000e1e00000, 0x00000000e1e00000|100%| O|  |TAMS 0x00000000e1d00000, 0x00000000e1d00000| Untracked 
|  30|0x00000000e1e00000, 0x00000000e1f00000, 0x00000000e1f00000|100%| O|  |TAMS 0x00000000e1e00000, 0x00000000e1e00000| Untracked 
|  31|0x00000000e1f00000, 0x00000000e1f31400, 0x00000000e2000000| 19%| O|  |TAMS 0x00000000e1f00000, 0x00000000e1f00000| Untracked 
|  32|0x00000000e2000000, 0x00000000e2100000, 0x00000000e2100000|100%| O|  |TAMS 0x00000000e2000000, 0x00000000e2000000| Untracked 
|  33|0x00000000e2100000, 0x00000000e2200000, 0x00000000e2200000|100%| O|  |TAMS 0x00000000e2100000, 0x00000000e2100000| Untracked 
|  34|0x00000000e2200000, 0x00000000e2200000, 0x00000000e2300000|  0%| F|  |TAMS 0x00000000e2200000, 0x00000000e2200000| Untracked 
|  35|0x00000000e2300000, 0x00000000e2300000, 0x00000000e2400000|  0%| F|  |TAMS 0x00000000e2300000, 0x00000000e2300000| Untracked 
|  36|0x00000000e2400000, 0x00000000e2400000, 0x00000000e2500000|  0%| F|  |TAMS 0x00000000e2400000, 0x00000000e2400000| Untracked 
|  37|0x00000000e2500000, 0x00000000e2500000, 0x00000000e2600000|  0%| F|  |TAMS 0x00000000e2500000, 0x00000000e2500000| Untracked 
|  38|0x00000000e2600000, 0x00000000e2600000, 0x00000000e2700000|  0%| F|  |TAMS 0x00000000e2600000, 0x00000000e2600000| Untracked 
|  39|0x00000000e2700000, 0x00000000e2700000, 0x00000000e2800000|  0%| F|  |TAMS 0x00000000e2700000, 0x00000000e2700000| Untracked 
|  40|0x00000000e2800000, 0x00000000e2800000, 0x00000000e2900000|  0%| F|  |TAMS 0x00000000e2800000, 0x00000000e2800000| Untracked 
|  41|0x00000000e2900000, 0x00000000e2900000, 0x00000000e2a00000|  0%| F|  |TAMS 0x00000000e2900000, 0x00000000e2900000| Untracked 
|  42|0x00000000e2a00000, 0x00000000e2a00000, 0x00000000e2b00000|  0%| F|  |TAMS 0x00000000e2a00000, 0x00000000e2a00000| Untracked 
|  43|0x00000000e2b00000, 0x00000000e2b00000, 0x00000000e2c00000|  0%| F|  |TAMS 0x00000000e2b00000, 0x00000000e2b00000| Untracked 
|  44|0x00000000e2c00000, 0x00000000e2c00000, 0x00000000e2d00000|  0%| F|  |TAMS 0x00000000e2c00000, 0x00000000e2c00000| Untracked 
|  45|0x00000000e2d00000, 0x00000000e2d00000, 0x00000000e2e00000|  0%| F|  |TAMS 0x00000000e2d00000, 0x00000000e2d00000| Untracked 
|  46|0x00000000e2e00000, 0x00000000e2e00000, 0x00000000e2f00000|  0%| F|  |TAMS 0x00000000e2e00000, 0x00000000e2e00000| Untracked 
|  47|0x00000000e2f00000, 0x00000000e2f00000, 0x00000000e3000000|  0%| F|  |TAMS 0x00000000e2f00000, 0x00000000e2f00000| Untracked 
|  48|0x00000000e3000000, 0x00000000e3000000, 0x00000000e3100000|  0%| F|  |TAMS 0x00000000e3000000, 0x00000000e3000000| Untracked 
|  49|0x00000000e3100000, 0x00000000e3100000, 0x00000000e3200000|  0%| F|  |TAMS 0x00000000e3100000, 0x00000000e3100000| Untracked 
|  50|0x00000000e3200000, 0x00000000e3200000, 0x00000000e3300000|  0%| F|  |TAMS 0x00000000e3200000, 0x00000000e3200000| Untracked 
|  51|0x00000000e3300000, 0x00000000e3300000, 0x00000000e3400000|  0%| F|  |TAMS 0x00000000e3300000, 0x00000000e3300000| Untracked 
|  52|0x00000000e3400000, 0x00000000e3400000, 0x00000000e3500000|  0%| F|  |TAMS 0x00000000e3400000, 0x00000000e3400000| Untracked 
|  53|0x00000000e3500000, 0x00000000e3500000, 0x00000000e3600000|  0%| F|  |TAMS 0x00000000e3500000, 0x00000000e3500000| Untracked 
|  54|0x00000000e3600000, 0x00000000e3600000, 0x00000000e3700000|  0%| F|  |TAMS 0x00000000e3600000, 0x00000000e3600000| Untracked 
|  55|0x00000000e3700000, 0x00000000e3700000, 0x00000000e3800000|  0%| F|  |TAMS 0x00000000e3700000, 0x00000000e3700000| Untracked 
|  56|0x00000000e3800000, 0x00000000e3800000, 0x00000000e3900000|  0%| F|  |TAMS 0x00000000e3800000, 0x00000000e3800000| Untracked 
|  57|0x00000000e3900000, 0x00000000e3900000, 0x00000000e3a00000|  0%| F|  |TAMS 0x00000000e3900000, 0x00000000e3900000| Untracked 
|  58|0x00000000e3a00000, 0x00000000e3a00000, 0x00000000e3b00000|  0%| F|  |TAMS 0x00000000e3a00000, 0x00000000e3a00000| Untracked 
|  59|0x00000000e3b00000, 0x00000000e3b00000, 0x00000000e3c00000|  0%| F|  |TAMS 0x00000000e3b00000, 0x00000000e3b00000| Untracked 
|  60|0x00000000e3c00000, 0x00000000e3c00000, 0x00000000e3d00000|  0%| F|  |TAMS 0x00000000e3c00000, 0x00000000e3c00000| Untracked 
|  61|0x00000000e3d00000, 0x00000000e3d00000, 0x00000000e3e00000|  0%| F|  |TAMS 0x00000000e3d00000, 0x00000000e3d00000| Untracked 
|  62|0x00000000e3e00000, 0x00000000e3e00000, 0x00000000e3f00000|  0%| F|  |TAMS 0x00000000e3e00000, 0x00000000e3e00000| Untracked 
|  63|0x00000000e3f00000, 0x00000000e3f00000, 0x00000000e4000000|  0%| F|  |TAMS 0x00000000e3f00000, 0x00000000e3f00000| Untracked 
|  64|0x00000000e4000000, 0x00000000e4000000, 0x00000000e4100000|  0%| F|  |TAMS 0x00000000e4000000, 0x00000000e4000000| Untracked 
|  65|0x00000000e4100000, 0x00000000e4100000, 0x00000000e4200000|  0%| F|  |TAMS 0x00000000e4100000, 0x00000000e4100000| Untracked 
|  66|0x00000000e4200000, 0x00000000e4200000, 0x00000000e4300000|  0%| F|  |TAMS 0x00000000e4200000, 0x00000000e4200000| Untracked 
|  67|0x00000000e4300000, 0x00000000e4300000, 0x00000000e4400000|  0%| F|  |TAMS 0x00000000e4300000, 0x00000000e4300000| Untracked 
|  68|0x00000000e4400000, 0x00000000e4400000, 0x00000000e4500000|  0%| F|  |TAMS 0x00000000e4400000, 0x00000000e4400000| Untracked 
|  69|0x00000000e4500000, 0x00000000e4500000, 0x00000000e4600000|  0%| F|  |TAMS 0x00000000e4500000, 0x00000000e4500000| Untracked 
|  70|0x00000000e4600000, 0x00000000e4600000, 0x00000000e4700000|  0%| F|  |TAMS 0x00000000e4600000, 0x00000000e4600000| Untracked 
|  71|0x00000000e4700000, 0x00000000e4700000, 0x00000000e4800000|  0%| F|  |TAMS 0x00000000e4700000, 0x00000000e4700000| Untracked 
|  72|0x00000000e4800000, 0x00000000e4800000, 0x00000000e4900000|  0%| F|  |TAMS 0x00000000e4800000, 0x00000000e4800000| Untracked 
|  73|0x00000000e4900000, 0x00000000e4900000, 0x00000000e4a00000|  0%| F|  |TAMS 0x00000000e4900000, 0x00000000e4900000| Untracked 
|  74|0x00000000e4a00000, 0x00000000e4a00000, 0x00000000e4b00000|  0%| F|  |TAMS 0x00000000e4a00000, 0x00000000e4a00000| Untracked 
|  75|0x00000000e4b00000, 0x00000000e4b00000, 0x00000000e4c00000|  0%| F|  |TAMS 0x00000000e4b00000, 0x00000000e4b00000| Untracked 
|  76|0x00000000e4c00000, 0x00000000e4c00000, 0x00000000e4d00000|  0%| F|  |TAMS 0x00000000e4c00000, 0x00000000e4c00000| Untracked 
|  77|0x00000000e4d00000, 0x00000000e4d00000, 0x00000000e4e00000|  0%| F|  |TAMS 0x00000000e4d00000, 0x00000000e4d00000| Untracked 
|  78|0x00000000e4e00000, 0x00000000e4e00000, 0x00000000e4f00000|  0%| F|  |TAMS 0x00000000e4e00000, 0x00000000e4e00000| Untracked 
|  79|0x00000000e4f00000, 0x00000000e4f00000, 0x00000000e5000000|  0%| F|  |TAMS 0x00000000e4f00000, 0x00000000e4f00000| Untracked 
|  80|0x00000000e5000000, 0x00000000e5000000, 0x00000000e5100000|  0%| F|  |TAMS 0x00000000e5000000, 0x00000000e5000000| Untracked 
|  81|0x00000000e5100000, 0x00000000e5100000, 0x00000000e5200000|  0%| F|  |TAMS 0x00000000e5100000, 0x00000000e5100000| Untracked 
|  82|0x00000000e5200000, 0x00000000e5200000, 0x00000000e5300000|  0%| F|  |TAMS 0x00000000e5200000, 0x00000000e5200000| Untracked 
|  83|0x00000000e5300000, 0x00000000e5300000, 0x00000000e5400000|  0%| F|  |TAMS 0x00000000e5300000, 0x00000000e5300000| Untracked 
|  84|0x00000000e5400000, 0x00000000e5400000, 0x00000000e5500000|  0%| F|  |TAMS 0x00000000e5400000, 0x00000000e5400000| Untracked 
|  85|0x00000000e5500000, 0x00000000e5500000, 0x00000000e5600000|  0%| F|  |TAMS 0x00000000e5500000, 0x00000000e5500000| Untracked 
|  86|0x00000000e5600000, 0x00000000e5600000, 0x00000000e5700000|  0%| F|  |TAMS 0x00000000e5600000, 0x00000000e5600000| Untracked 
|  87|0x00000000e5700000, 0x00000000e5700000, 0x00000000e5800000|  0%| F|  |TAMS 0x00000000e5700000, 0x00000000e5700000| Untracked 
|  88|0x00000000e5800000, 0x00000000e5800000, 0x00000000e5900000|  0%| F|  |TAMS 0x00000000e5800000, 0x00000000e5800000| Untracked 
|  89|0x00000000e5900000, 0x00000000e59eb480, 0x00000000e5a00000| 91%| S|CS|TAMS 0x00000000e5900000, 0x00000000e5900000| Complete 
|  90|0x00000000e5a00000, 0x00000000e5b00000, 0x00000000e5b00000|100%| S|CS|TAMS 0x00000000e5a00000, 0x00000000e5a00000| Complete 
|  91|0x00000000e5b00000, 0x00000000e5c00000, 0x00000000e5c00000|100%| S|CS|TAMS 0x00000000e5b00000, 0x00000000e5b00000| Complete 
|  92|0x00000000e5c00000, 0x00000000e5c00000, 0x00000000e5d00000|  0%| F|  |TAMS 0x00000000e5c00000, 0x00000000e5c00000| Untracked 
|  93|0x00000000e5d00000, 0x00000000e5e00000, 0x00000000e5e00000|100%| S|CS|TAMS 0x00000000e5d00000, 0x00000000e5d00000| Complete 
|  94|0x00000000e5e00000, 0x00000000e5f00000, 0x00000000e5f00000|100%| S|CS|TAMS 0x00000000e5e00000, 0x00000000e5e00000| Complete 
|  95|0x00000000e5f00000, 0x00000000e6000000, 0x00000000e6000000|100%| S|CS|TAMS 0x00000000e5f00000, 0x00000000e5f00000| Complete 
|  96|0x00000000e6000000, 0x00000000e6100000, 0x00000000e6100000|100%| S|CS|TAMS 0x00000000e6000000, 0x00000000e6000000| Complete 
|  97|0x00000000e6100000, 0x00000000e6200000, 0x00000000e6200000|100%| S|CS|TAMS 0x00000000e6100000, 0x00000000e6100000| Complete 
|  98|0x00000000e6200000, 0x00000000e6300000, 0x00000000e6300000|100%| S|CS|TAMS 0x00000000e6200000, 0x00000000e6200000| Complete 
|  99|0x00000000e6300000, 0x00000000e6400000, 0x00000000e6400000|100%| S|CS|TAMS 0x00000000e6300000, 0x00000000e6300000| Complete 
| 100|0x00000000e6400000, 0x00000000e6500000, 0x00000000e6500000|100%| S|CS|TAMS 0x00000000e6400000, 0x00000000e6400000| Complete 
| 101|0x00000000e6500000, 0x00000000e6600000, 0x00000000e6600000|100%| S|CS|TAMS 0x00000000e6500000, 0x00000000e6500000| Complete 
| 102|0x00000000e6600000, 0x00000000e6700000, 0x00000000e6700000|100%| S|CS|TAMS 0x00000000e6600000, 0x00000000e6600000| Complete 
| 103|0x00000000e6700000, 0x00000000e6700000, 0x00000000e6800000|  0%| F|  |TAMS 0x00000000e6700000, 0x00000000e6700000| Untracked 
| 104|0x00000000e6800000, 0x00000000e6800000, 0x00000000e6900000|  0%| F|  |TAMS 0x00000000e6800000, 0x00000000e6800000| Untracked 
| 105|0x00000000e6900000, 0x00000000e6900000, 0x00000000e6a00000|  0%| F|  |TAMS 0x00000000e6900000, 0x00000000e6900000| Untracked 
| 106|0x00000000e6a00000, 0x00000000e6a00000, 0x00000000e6b00000|  0%| F|  |TAMS 0x00000000e6a00000, 0x00000000e6a00000| Untracked 
| 107|0x00000000e6b00000, 0x00000000e6b00000, 0x00000000e6c00000|  0%| F|  |TAMS 0x00000000e6b00000, 0x00000000e6b00000| Untracked 
| 108|0x00000000e6c00000, 0x00000000e6c00000, 0x00000000e6d00000|  0%| F|  |TAMS 0x00000000e6c00000, 0x00000000e6c00000| Untracked 
| 109|0x00000000e6d00000, 0x00000000e6d00000, 0x00000000e6e00000|  0%| F|  |TAMS 0x00000000e6d00000, 0x00000000e6d00000| Untracked 
| 110|0x00000000e6e00000, 0x00000000e6e00000, 0x00000000e6f00000|  0%| F|  |TAMS 0x00000000e6e00000, 0x00000000e6e00000| Untracked 
| 111|0x00000000e6f00000, 0x00000000e6f00000, 0x00000000e7000000|  0%| F|  |TAMS 0x00000000e6f00000, 0x00000000e6f00000| Untracked 
| 112|0x00000000e7000000, 0x00000000e7000000, 0x00000000e7100000|  0%| F|  |TAMS 0x00000000e7000000, 0x00000000e7000000| Untracked 
| 113|0x00000000e7100000, 0x00000000e7200000, 0x00000000e7200000|100%| S|CS|TAMS 0x00000000e7100000, 0x00000000e7100000| Complete 
| 114|0x00000000e7200000, 0x00000000e7200000, 0x00000000e7300000|  0%| F|  |TAMS 0x00000000e7200000, 0x00000000e7200000| Untracked 
| 115|0x00000000e7300000, 0x00000000e7300000, 0x00000000e7400000|  0%| F|  |TAMS 0x00000000e7300000, 0x00000000e7300000| Untracked 
| 116|0x00000000e7400000, 0x00000000e7400000, 0x00000000e7500000|  0%| F|  |TAMS 0x00000000e7400000, 0x00000000e7400000| Untracked 
| 117|0x00000000e7500000, 0x00000000e7500000, 0x00000000e7600000|  0%| F|  |TAMS 0x00000000e7500000, 0x00000000e7500000| Untracked 
| 118|0x00000000e7600000, 0x00000000e7600000, 0x00000000e7700000|  0%| F|  |TAMS 0x00000000e7600000, 0x00000000e7600000| Untracked 
| 119|0x00000000e7700000, 0x00000000e7700000, 0x00000000e7800000|  0%| F|  |TAMS 0x00000000e7700000, 0x00000000e7700000| Untracked 
| 120|0x00000000e7800000, 0x00000000e7800000, 0x00000000e7900000|  0%| F|  |TAMS 0x00000000e7800000, 0x00000000e7800000| Untracked 
| 121|0x00000000e7900000, 0x00000000e7900000, 0x00000000e7a00000|  0%| F|  |TAMS 0x00000000e7900000, 0x00000000e7900000| Untracked 
| 122|0x00000000e7a00000, 0x00000000e7a00000, 0x00000000e7b00000|  0%| F|  |TAMS 0x00000000e7a00000, 0x00000000e7a00000| Untracked 
| 123|0x00000000e7b00000, 0x00000000e7b00000, 0x00000000e7c00000|  0%| F|  |TAMS 0x00000000e7b00000, 0x00000000e7b00000| Untracked 
| 124|0x00000000e7c00000, 0x00000000e7c00000, 0x00000000e7d00000|  0%| F|  |TAMS 0x00000000e7c00000, 0x00000000e7c00000| Untracked 
| 125|0x00000000e7d00000, 0x00000000e7d00000, 0x00000000e7e00000|  0%| F|  |TAMS 0x00000000e7d00000, 0x00000000e7d00000| Untracked 
| 126|0x00000000e7e00000, 0x00000000e7e00000, 0x00000000e7f00000|  0%| F|  |TAMS 0x00000000e7e00000, 0x00000000e7e00000| Untracked 
| 127|0x00000000e7f00000, 0x00000000e7f00000, 0x00000000e8000000|  0%| F|  |TAMS 0x00000000e7f00000, 0x00000000e7f00000| Untracked 
| 128|0x00000000e8000000, 0x00000000e8000000, 0x00000000e8100000|  0%| F|  |TAMS 0x00000000e8000000, 0x00000000e8000000| Untracked 
| 129|0x00000000e8100000, 0x00000000e8100000, 0x00000000e8200000|  0%| F|  |TAMS 0x00000000e8100000, 0x00000000e8100000| Untracked 
| 130|0x00000000e8200000, 0x00000000e8200000, 0x00000000e8300000|  0%| F|  |TAMS 0x00000000e8200000, 0x00000000e8200000| Untracked 
| 131|0x00000000e8300000, 0x00000000e8300000, 0x00000000e8400000|  0%| F|  |TAMS 0x00000000e8300000, 0x00000000e8300000| Untracked 
| 132|0x00000000e8400000, 0x00000000e8400000, 0x00000000e8500000|  0%| F|  |TAMS 0x00000000e8400000, 0x00000000e8400000| Untracked 
| 133|0x00000000e8500000, 0x00000000e8500000, 0x00000000e8600000|  0%| F|  |TAMS 0x00000000e8500000, 0x00000000e8500000| Untracked 
| 134|0x00000000e8600000, 0x00000000e8600000, 0x00000000e8700000|  0%| F|  |TAMS 0x00000000e8600000, 0x00000000e8600000| Untracked 
| 135|0x00000000e8700000, 0x00000000e8700000, 0x00000000e8800000|  0%| F|  |TAMS 0x00000000e8700000, 0x00000000e8700000| Untracked 
| 136|0x00000000e8800000, 0x00000000e8800000, 0x00000000e8900000|  0%| F|  |TAMS 0x00000000e8800000, 0x00000000e8800000| Untracked 
| 137|0x00000000e8900000, 0x00000000e8900000, 0x00000000e8a00000|  0%| F|  |TAMS 0x00000000e8900000, 0x00000000e8900000| Untracked 
| 138|0x00000000e8a00000, 0x00000000e8a00000, 0x00000000e8b00000|  0%| F|  |TAMS 0x00000000e8a00000, 0x00000000e8a00000| Untracked 
| 139|0x00000000e8b00000, 0x00000000e8b0a9d0, 0x00000000e8c00000|  4%| E|  |TAMS 0x00000000e8b00000, 0x00000000e8b00000| Complete 
| 140|0x00000000e8c00000, 0x00000000e8d00000, 0x00000000e8d00000|100%| E|CS|TAMS 0x00000000e8c00000, 0x00000000e8c00000| Complete 
| 141|0x00000000e8d00000, 0x00000000e8e00000, 0x00000000e8e00000|100%| E|CS|TAMS 0x00000000e8d00000, 0x00000000e8d00000| Complete 
| 142|0x00000000e8e00000, 0x00000000e8f00000, 0x00000000e8f00000|100%| E|CS|TAMS 0x00000000e8e00000, 0x00000000e8e00000| Complete 
| 143|0x00000000e8f00000, 0x00000000e9000000, 0x00000000e9000000|100%| E|CS|TAMS 0x00000000e8f00000, 0x00000000e8f00000| Complete 
| 144|0x00000000e9000000, 0x00000000e9100000, 0x00000000e9100000|100%| E|CS|TAMS 0x00000000e9000000, 0x00000000e9000000| Complete 
| 145|0x00000000e9100000, 0x00000000e9200000, 0x00000000e9200000|100%| E|CS|TAMS 0x00000000e9100000, 0x00000000e9100000| Complete 
| 146|0x00000000e9200000, 0x00000000e9300000, 0x00000000e9300000|100%| E|CS|TAMS 0x00000000e9200000, 0x00000000e9200000| Complete 
| 147|0x00000000e9300000, 0x00000000e9400000, 0x00000000e9400000|100%| E|CS|TAMS 0x00000000e9300000, 0x00000000e9300000| Complete 
| 148|0x00000000e9400000, 0x00000000e9500000, 0x00000000e9500000|100%| E|CS|TAMS 0x00000000e9400000, 0x00000000e9400000| Complete 
| 149|0x00000000e9500000, 0x00000000e9600000, 0x00000000e9600000|100%| E|CS|TAMS 0x00000000e9500000, 0x00000000e9500000| Complete 
| 150|0x00000000e9600000, 0x00000000e9700000, 0x00000000e9700000|100%| E|CS|TAMS 0x00000000e9600000, 0x00000000e9600000| Complete 
| 151|0x00000000e9700000, 0x00000000e9800000, 0x00000000e9800000|100%| E|CS|TAMS 0x00000000e9700000, 0x00000000e9700000| Complete 
| 152|0x00000000e9800000, 0x00000000e9900000, 0x00000000e9900000|100%| E|CS|TAMS 0x00000000e9800000, 0x00000000e9800000| Complete 
| 153|0x00000000e9900000, 0x00000000e9a00000, 0x00000000e9a00000|100%| E|CS|TAMS 0x00000000e9900000, 0x00000000e9900000| Complete 
| 154|0x00000000e9a00000, 0x00000000e9b00000, 0x00000000e9b00000|100%| E|CS|TAMS 0x00000000e9a00000, 0x00000000e9a00000| Complete 
| 155|0x00000000e9b00000, 0x00000000e9c00000, 0x00000000e9c00000|100%| E|CS|TAMS 0x00000000e9b00000, 0x00000000e9b00000| Complete 
| 156|0x00000000e9c00000, 0x00000000e9d00000, 0x00000000e9d00000|100%| E|CS|TAMS 0x00000000e9c00000, 0x00000000e9c00000| Complete 
| 157|0x00000000e9d00000, 0x00000000e9e00000, 0x00000000e9e00000|100%| E|CS|TAMS 0x00000000e9d00000, 0x00000000e9d00000| Complete 
| 158|0x00000000e9e00000, 0x00000000e9f00000, 0x00000000e9f00000|100%| E|CS|TAMS 0x00000000e9e00000, 0x00000000e9e00000| Complete 
| 159|0x00000000e9f00000, 0x00000000ea000000, 0x00000000ea000000|100%| E|CS|TAMS 0x00000000e9f00000, 0x00000000e9f00000| Complete 
| 160|0x00000000ea000000, 0x00000000ea100000, 0x00000000ea100000|100%| E|CS|TAMS 0x00000000ea000000, 0x00000000ea000000| Complete 
| 161|0x00000000ea100000, 0x00000000ea200000, 0x00000000ea200000|100%| E|CS|TAMS 0x00000000ea100000, 0x00000000ea100000| Complete 
| 162|0x00000000ea200000, 0x00000000ea300000, 0x00000000ea300000|100%| E|CS|TAMS 0x00000000ea200000, 0x00000000ea200000| Complete 
| 163|0x00000000ea300000, 0x00000000ea400000, 0x00000000ea400000|100%| E|CS|TAMS 0x00000000ea300000, 0x00000000ea300000| Complete 
| 164|0x00000000ea400000, 0x00000000ea500000, 0x00000000ea500000|100%| E|CS|TAMS 0x00000000ea400000, 0x00000000ea400000| Complete 
| 165|0x00000000ea500000, 0x00000000ea600000, 0x00000000ea600000|100%| E|CS|TAMS 0x00000000ea500000, 0x00000000ea500000| Complete 
| 166|0x00000000ea600000, 0x00000000ea700000, 0x00000000ea700000|100%| E|CS|TAMS 0x00000000ea600000, 0x00000000ea600000| Complete 
| 167|0x00000000ea700000, 0x00000000ea800000, 0x00000000ea800000|100%| E|CS|TAMS 0x00000000ea700000, 0x00000000ea700000| Complete 
| 168|0x00000000ea800000, 0x00000000ea900000, 0x00000000ea900000|100%| E|CS|TAMS 0x00000000ea800000, 0x00000000ea800000| Complete 
| 169|0x00000000ea900000, 0x00000000eaa00000, 0x00000000eaa00000|100%| E|CS|TAMS 0x00000000ea900000, 0x00000000ea900000| Complete 
| 170|0x00000000eaa00000, 0x00000000eab00000, 0x00000000eab00000|100%| E|CS|TAMS 0x00000000eaa00000, 0x00000000eaa00000| Complete 
| 171|0x00000000eab00000, 0x00000000eac00000, 0x00000000eac00000|100%| E|CS|TAMS 0x00000000eab00000, 0x00000000eab00000| Complete 
| 172|0x00000000eac00000, 0x00000000ead00000, 0x00000000ead00000|100%| E|CS|TAMS 0x00000000eac00000, 0x00000000eac00000| Complete 
| 173|0x00000000ead00000, 0x00000000eae00000, 0x00000000eae00000|100%| E|CS|TAMS 0x00000000ead00000, 0x00000000ead00000| Complete 
| 174|0x00000000eae00000, 0x00000000eaf00000, 0x00000000eaf00000|100%| E|CS|TAMS 0x00000000eae00000, 0x00000000eae00000| Complete 
| 175|0x00000000eaf00000, 0x00000000eb000000, 0x00000000eb000000|100%| E|CS|TAMS 0x00000000eaf00000, 0x00000000eaf00000| Complete 
| 176|0x00000000eb000000, 0x00000000eb100000, 0x00000000eb100000|100%| E|CS|TAMS 0x00000000eb000000, 0x00000000eb000000| Complete 
| 177|0x00000000eb100000, 0x00000000eb200000, 0x00000000eb200000|100%| E|CS|TAMS 0x00000000eb100000, 0x00000000eb100000| Complete 
| 178|0x00000000eb200000, 0x00000000eb300000, 0x00000000eb300000|100%| E|CS|TAMS 0x00000000eb200000, 0x00000000eb200000| Complete 
| 179|0x00000000eb300000, 0x00000000eb400000, 0x00000000eb400000|100%| E|CS|TAMS 0x00000000eb300000, 0x00000000eb300000| Complete 
| 180|0x00000000eb400000, 0x00000000eb500000, 0x00000000eb500000|100%| E|CS|TAMS 0x00000000eb400000, 0x00000000eb400000| Complete 
| 181|0x00000000eb500000, 0x00000000eb600000, 0x00000000eb600000|100%| E|CS|TAMS 0x00000000eb500000, 0x00000000eb500000| Complete 
| 182|0x00000000eb600000, 0x00000000eb700000, 0x00000000eb700000|100%| E|CS|TAMS 0x00000000eb600000, 0x00000000eb600000| Complete 
| 183|0x00000000eb700000, 0x00000000eb800000, 0x00000000eb800000|100%| E|CS|TAMS 0x00000000eb700000, 0x00000000eb700000| Complete 
| 184|0x00000000eb800000, 0x00000000eb900000, 0x00000000eb900000|100%| E|CS|TAMS 0x00000000eb800000, 0x00000000eb800000| Complete 
| 185|0x00000000eb900000, 0x00000000eba00000, 0x00000000eba00000|100%| E|CS|TAMS 0x00000000eb900000, 0x00000000eb900000| Complete 
| 186|0x00000000eba00000, 0x00000000ebb00000, 0x00000000ebb00000|100%| E|CS|TAMS 0x00000000eba00000, 0x00000000eba00000| Complete 
| 187|0x00000000ebb00000, 0x00000000ebc00000, 0x00000000ebc00000|100%| E|CS|TAMS 0x00000000ebb00000, 0x00000000ebb00000| Complete 
| 188|0x00000000ebc00000, 0x00000000ebd00000, 0x00000000ebd00000|100%| E|CS|TAMS 0x00000000ebc00000, 0x00000000ebc00000| Complete 
| 189|0x00000000ebd00000, 0x00000000ebe00000, 0x00000000ebe00000|100%| E|CS|TAMS 0x00000000ebd00000, 0x00000000ebd00000| Complete 
| 190|0x00000000ebe00000, 0x00000000ebf00000, 0x00000000ebf00000|100%| E|CS|TAMS 0x00000000ebe00000, 0x00000000ebe00000| Complete 
| 191|0x00000000ebf00000, 0x00000000ec000000, 0x00000000ec000000|100%| E|CS|TAMS 0x00000000ebf00000, 0x00000000ebf00000| Complete 
| 192|0x00000000ec000000, 0x00000000ec100000, 0x00000000ec100000|100%| E|CS|TAMS 0x00000000ec000000, 0x00000000ec000000| Complete 
| 193|0x00000000ec100000, 0x00000000ec200000, 0x00000000ec200000|100%| E|CS|TAMS 0x00000000ec100000, 0x00000000ec100000| Complete 
| 194|0x00000000ec200000, 0x00000000ec300000, 0x00000000ec300000|100%| E|CS|TAMS 0x00000000ec200000, 0x00000000ec200000| Complete 
| 195|0x00000000ec300000, 0x00000000ec400000, 0x00000000ec400000|100%| E|CS|TAMS 0x00000000ec300000, 0x00000000ec300000| Complete 
| 196|0x00000000ec400000, 0x00000000ec500000, 0x00000000ec500000|100%| E|CS|TAMS 0x00000000ec400000, 0x00000000ec400000| Complete 
| 197|0x00000000ec500000, 0x00000000ec600000, 0x00000000ec600000|100%| E|CS|TAMS 0x00000000ec500000, 0x00000000ec500000| Complete 
| 198|0x00000000ec600000, 0x00000000ec700000, 0x00000000ec700000|100%| E|CS|TAMS 0x00000000ec600000, 0x00000000ec600000| Complete 
| 199|0x00000000ec700000, 0x00000000ec800000, 0x00000000ec800000|100%| E|CS|TAMS 0x00000000ec700000, 0x00000000ec700000| Complete 
| 200|0x00000000ec800000, 0x00000000ec900000, 0x00000000ec900000|100%| E|CS|TAMS 0x00000000ec800000, 0x00000000ec800000| Complete 
| 201|0x00000000ec900000, 0x00000000eca00000, 0x00000000eca00000|100%| E|CS|TAMS 0x00000000ec900000, 0x00000000ec900000| Complete 
| 202|0x00000000eca00000, 0x00000000ecb00000, 0x00000000ecb00000|100%| E|CS|TAMS 0x00000000eca00000, 0x00000000eca00000| Complete 
| 203|0x00000000ecb00000, 0x00000000ecc00000, 0x00000000ecc00000|100%| E|CS|TAMS 0x00000000ecb00000, 0x00000000ecb00000| Complete 
| 204|0x00000000ecc00000, 0x00000000ecd00000, 0x00000000ecd00000|100%| E|CS|TAMS 0x00000000ecc00000, 0x00000000ecc00000| Complete 
| 205|0x00000000ecd00000, 0x00000000ece00000, 0x00000000ece00000|100%| E|CS|TAMS 0x00000000ecd00000, 0x00000000ecd00000| Complete 
| 206|0x00000000ece00000, 0x00000000ecf00000, 0x00000000ecf00000|100%| E|CS|TAMS 0x00000000ece00000, 0x00000000ece00000| Complete 
| 207|0x00000000ecf00000, 0x00000000ed000000, 0x00000000ed000000|100%| E|CS|TAMS 0x00000000ecf00000, 0x00000000ecf00000| Complete 
| 208|0x00000000ed000000, 0x00000000ed100000, 0x00000000ed100000|100%| E|CS|TAMS 0x00000000ed000000, 0x00000000ed000000| Complete 
| 209|0x00000000ed100000, 0x00000000ed200000, 0x00000000ed200000|100%| E|CS|TAMS 0x00000000ed100000, 0x00000000ed100000| Complete 
| 210|0x00000000ed200000, 0x00000000ed300000, 0x00000000ed300000|100%| E|CS|TAMS 0x00000000ed200000, 0x00000000ed200000| Complete 
| 211|0x00000000ed300000, 0x00000000ed400000, 0x00000000ed400000|100%| E|CS|TAMS 0x00000000ed300000, 0x00000000ed300000| Complete 
| 212|0x00000000ed400000, 0x00000000ed500000, 0x00000000ed500000|100%| E|CS|TAMS 0x00000000ed400000, 0x00000000ed400000| Complete 
| 213|0x00000000ed500000, 0x00000000ed600000, 0x00000000ed600000|100%| E|CS|TAMS 0x00000000ed500000, 0x00000000ed500000| Complete 
| 214|0x00000000ed600000, 0x00000000ed700000, 0x00000000ed700000|100%| E|CS|TAMS 0x00000000ed600000, 0x00000000ed600000| Complete 
| 215|0x00000000ed700000, 0x00000000ed800000, 0x00000000ed800000|100%| E|CS|TAMS 0x00000000ed700000, 0x00000000ed700000| Complete 
| 216|0x00000000ed800000, 0x00000000ed900000, 0x00000000ed900000|100%| E|CS|TAMS 0x00000000ed800000, 0x00000000ed800000| Complete 
| 217|0x00000000ed900000, 0x00000000eda00000, 0x00000000eda00000|100%| E|CS|TAMS 0x00000000ed900000, 0x00000000ed900000| Complete 
| 218|0x00000000eda00000, 0x00000000edb00000, 0x00000000edb00000|100%| E|CS|TAMS 0x00000000eda00000, 0x00000000eda00000| Complete 
| 219|0x00000000edb00000, 0x00000000edc00000, 0x00000000edc00000|100%| E|CS|TAMS 0x00000000edb00000, 0x00000000edb00000| Complete 
| 220|0x00000000edc00000, 0x00000000edd00000, 0x00000000edd00000|100%| E|CS|TAMS 0x00000000edc00000, 0x00000000edc00000| Complete 
| 221|0x00000000edd00000, 0x00000000ede00000, 0x00000000ede00000|100%| E|CS|TAMS 0x00000000edd00000, 0x00000000edd00000| Complete 
| 222|0x00000000ede00000, 0x00000000edf00000, 0x00000000edf00000|100%| E|CS|TAMS 0x00000000ede00000, 0x00000000ede00000| Complete 
| 223|0x00000000edf00000, 0x00000000ee000000, 0x00000000ee000000|100%| E|CS|TAMS 0x00000000edf00000, 0x00000000edf00000| Complete 
| 224|0x00000000ee000000, 0x00000000ee100000, 0x00000000ee100000|100%| E|CS|TAMS 0x00000000ee000000, 0x00000000ee000000| Complete 
| 225|0x00000000ee100000, 0x00000000ee200000, 0x00000000ee200000|100%| E|CS|TAMS 0x00000000ee100000, 0x00000000ee100000| Complete 
| 226|0x00000000ee200000, 0x00000000ee300000, 0x00000000ee300000|100%| E|CS|TAMS 0x00000000ee200000, 0x00000000ee200000| Complete 
| 227|0x00000000ee300000, 0x00000000ee400000, 0x00000000ee400000|100%| E|CS|TAMS 0x00000000ee300000, 0x00000000ee300000| Complete 
| 228|0x00000000ee400000, 0x00000000ee500000, 0x00000000ee500000|100%| E|CS|TAMS 0x00000000ee400000, 0x00000000ee400000| Complete 
| 229|0x00000000ee500000, 0x00000000ee600000, 0x00000000ee600000|100%| E|CS|TAMS 0x00000000ee500000, 0x00000000ee500000| Complete 
| 230|0x00000000ee600000, 0x00000000ee700000, 0x00000000ee700000|100%| E|CS|TAMS 0x00000000ee600000, 0x00000000ee600000| Complete 
| 231|0x00000000ee700000, 0x00000000ee800000, 0x00000000ee800000|100%| E|CS|TAMS 0x00000000ee700000, 0x00000000ee700000| Complete 
| 232|0x00000000ee800000, 0x00000000ee900000, 0x00000000ee900000|100%| E|CS|TAMS 0x00000000ee800000, 0x00000000ee800000| Complete 
| 233|0x00000000ee900000, 0x00000000eea00000, 0x00000000eea00000|100%| E|CS|TAMS 0x00000000ee900000, 0x00000000ee900000| Complete 
| 234|0x00000000eea00000, 0x00000000eeb00000, 0x00000000eeb00000|100%| E|CS|TAMS 0x00000000eea00000, 0x00000000eea00000| Complete 
| 235|0x00000000eeb00000, 0x00000000eec00000, 0x00000000eec00000|100%| E|CS|TAMS 0x00000000eeb00000, 0x00000000eeb00000| Complete 
| 236|0x00000000eec00000, 0x00000000eed00000, 0x00000000eed00000|100%| E|CS|TAMS 0x00000000eec00000, 0x00000000eec00000| Complete 
| 237|0x00000000eed00000, 0x00000000eee00000, 0x00000000eee00000|100%| E|CS|TAMS 0x00000000eed00000, 0x00000000eed00000| Complete 
| 238|0x00000000eee00000, 0x00000000eef00000, 0x00000000eef00000|100%| E|CS|TAMS 0x00000000eee00000, 0x00000000eee00000| Complete 
| 239|0x00000000eef00000, 0x00000000ef000000, 0x00000000ef000000|100%| E|CS|TAMS 0x00000000eef00000, 0x00000000eef00000| Complete 
| 240|0x00000000ef000000, 0x00000000ef100000, 0x00000000ef100000|100%| E|CS|TAMS 0x00000000ef000000, 0x00000000ef000000| Complete 
| 241|0x00000000ef100000, 0x00000000ef200000, 0x00000000ef200000|100%| E|CS|TAMS 0x00000000ef100000, 0x00000000ef100000| Complete 
| 242|0x00000000ef200000, 0x00000000ef300000, 0x00000000ef300000|100%| E|CS|TAMS 0x00000000ef200000, 0x00000000ef200000| Complete 
| 243|0x00000000ef300000, 0x00000000ef400000, 0x00000000ef400000|100%| E|CS|TAMS 0x00000000ef300000, 0x00000000ef300000| Complete 
| 244|0x00000000ef400000, 0x00000000ef500000, 0x00000000ef500000|100%| E|CS|TAMS 0x00000000ef400000, 0x00000000ef400000| Complete 
| 245|0x00000000ef500000, 0x00000000ef600000, 0x00000000ef600000|100%| E|CS|TAMS 0x00000000ef500000, 0x00000000ef500000| Complete 
| 246|0x00000000ef600000, 0x00000000ef700000, 0x00000000ef700000|100%| E|CS|TAMS 0x00000000ef600000, 0x00000000ef600000| Complete 
| 247|0x00000000ef700000, 0x00000000ef800000, 0x00000000ef800000|100%| E|CS|TAMS 0x00000000ef700000, 0x00000000ef700000| Complete 
| 248|0x00000000ef800000, 0x00000000ef900000, 0x00000000ef900000|100%| E|CS|TAMS 0x00000000ef800000, 0x00000000ef800000| Complete 
| 249|0x00000000ef900000, 0x00000000efa00000, 0x00000000efa00000|100%| E|CS|TAMS 0x00000000ef900000, 0x00000000ef900000| Complete 
| 250|0x00000000efa00000, 0x00000000efb00000, 0x00000000efb00000|100%| E|CS|TAMS 0x00000000efa00000, 0x00000000efa00000| Complete 
| 251|0x00000000efb00000, 0x00000000efc00000, 0x00000000efc00000|100%| E|CS|TAMS 0x00000000efb00000, 0x00000000efb00000| Complete 
| 252|0x00000000efc00000, 0x00000000efd00000, 0x00000000efd00000|100%| E|CS|TAMS 0x00000000efc00000, 0x00000000efc00000| Complete 
| 253|0x00000000efd00000, 0x00000000efe00000, 0x00000000efe00000|100%| E|CS|TAMS 0x00000000efd00000, 0x00000000efd00000| Complete 
| 254|0x00000000efe00000, 0x00000000eff00000, 0x00000000eff00000|100%| E|CS|TAMS 0x00000000efe00000, 0x00000000efe00000| Complete 
| 255|0x00000000eff00000, 0x00000000f0000000, 0x00000000f0000000|100%| E|CS|TAMS 0x00000000eff00000, 0x00000000eff00000| Complete 

Card table byte_map: [0x000002be748d0000,0x000002be749d0000] _byte_map_base: 0x000002be741d0000

Marking Bits (Prev, Next): (CMBitMap*) 0x000002be5c667e60, (CMBitMap*) 0x000002be5c667e28
 Prev Bits: [0x000002be752d0000, 0x000002be75ad0000)
 Next Bits: [0x000002be74ad0000, 0x000002be752d0000)

Polling page: 0x000002be64d30000

Metaspace:

Usage:
  Non-class:     62.23 MB capacity,    61.01 MB ( 98%) used,     1.04 MB (  2%) free+waste,   183.56 KB ( <1%) overhead. 
      Class:      9.07 MB capacity,     8.41 MB ( 93%) used,   591.23 KB (  6%) free+waste,    82.25 KB ( <1%) overhead. 
       Both:     71.30 MB capacity,    69.42 MB ( 97%) used,     1.62 MB (  2%) free+waste,   265.81 KB ( <1%) overhead. 

Virtual space:
  Non-class space:       64.00 MB reserved,      62.25 MB ( 97%) committed 
      Class space:      248.00 MB reserved,       9.13 MB (  4%) committed 
             Both:      312.00 MB reserved,      71.38 MB ( 23%) committed 

Chunk freelists:
   Non-Class:  18.00 KB
       Class:  25.00 KB
        Both:  43.00 KB

MaxMetaspaceSize: 256.00 MB
CompressedClassSpaceSize: 248.00 MB

CodeHeap 'non-profiled nmethods': size=120000Kb used=8620Kb max_used=8620Kb free=111379Kb
 bounds [0x000002be6c820000, 0x000002be6d090000, 0x000002be73d50000]
CodeHeap 'profiled nmethods': size=120000Kb used=28089Kb max_used=28089Kb free=91910Kb
 bounds [0x000002be652f0000, 0x000002be66e60000, 0x000002be6c820000]
CodeHeap 'non-nmethods': size=5760Kb used=2266Kb max_used=2336Kb free=3493Kb
 bounds [0x000002be64d50000, 0x000002be64fc0000, 0x000002be652f0000]
 total_blobs=12663 nmethods=11796 adapters=778
 compilation: enabled
              stopped_count=0, restarted_count=0
 full_count=0

Compilation events (20 events):
Event: 68.458 Thread 0x000002be78578800 nmethod 11878 0x000002be66e50510 code [0x000002be66e50c60, 0x000002be66e54e28]
Event: 68.458 Thread 0x000002be78578800 11879       3       sun.security.ssl.Authenticator$SSLAuthenticator::seqNumOverflow (85 bytes)
Event: 68.458 Thread 0x000002be78578800 nmethod 11879 0x000002be66e57410 code [0x000002be66e575e0, 0x000002be66e579d8]
Event: 68.540 Thread 0x000002be78ee3000 11880       4       org.gradle.cache.internal.btree.BTreePersistentIndexedCache::load (40 bytes)
Event: 68.547 Thread 0x000002be78ee3000 nmethod 11880 0x000002be6d080e10 code [0x000002be6d080fc0, 0x000002be6d0812e8]
Event: 68.642 Thread 0x000002be78578800 11881   !   3       org.gradle.api.internal.file.DefaultTemporaryFileProvider::createTemporaryFile (52 bytes)
Event: 68.644 Thread 0x000002be78578800 nmethod 11881 0x000002be66e57b10 code [0x000002be66e57d80, 0x000002be66e58728]
Event: 68.672 Thread 0x000002be78ee3000 11882       4       java.io.ObjectOutputStream::writeClassDesc (60 bytes)
Event: 68.791 Thread 0x000002be78578800 11883       3       com.google.common.cache.LocalCache$Segment::removeEntry (139 bytes)
Event: 68.795 Thread 0x000002be78578800 nmethod 11883 0x000002be66e58b10 code [0x000002be66e58f60, 0x000002be66e5aeb8]
Event: 68.928 Thread 0x000002be78578800 11884   !   3       com.google.common.collect.AbstractSequentialIterator::next (49 bytes)
Event: 68.929 Thread 0x000002be78578800 nmethod 11884 0x000002be66e5bb90 code [0x000002be66e5bd80, 0x000002be66e5c2c8]
Event: 68.929 Thread 0x000002be78578800 11885       3       com.google.common.cache.LocalCache$AccessQueue$2::computeNext (9 bytes)
Event: 68.929 Thread 0x000002be78578800 nmethod 11885 0x000002be66e5c410 code [0x000002be66e5c5e0, 0x000002be66e5c988]
Event: 68.929 Thread 0x000002be78578800 11886       3       com.google.common.cache.LocalCache$AccessQueue$2::computeNext (24 bytes)
Event: 68.930 Thread 0x000002be78578800 nmethod 11886 0x000002be66e5cb10 code [0x000002be66e5cce0, 0x000002be66e5cf08]
Event: 68.930 Thread 0x000002be78578800 11887       3       com.google.common.cache.AbstractCache$SimpleStatsCounter::recordEviction (10 bytes)
Event: 68.930 Thread 0x000002be78578800 nmethod 11887 0x000002be66e5d010 code [0x000002be66e5d1e0, 0x000002be66e5d3c8]
Event: 69.160 Thread 0x000002be78ee3000 nmethod 11882 0x000002be6d081510 code [0x000002be6d081a20, 0x000002be6d087010]
Event: 69.161 Thread 0x000002be78ee3000 11888       4       org.gradle.cache.internal.btree.BTreePersistentIndexedCache$IndexBlock::find (140 bytes)

GC Heap History (20 events):
Event: 4.479 GC heap before
{Heap before GC invocations=2 (full 0):
 garbage-first heap   total 262144K, used 66519K [0x00000000e0000000, 0x0000000100000000)
  region size 1024K, 58 young (59392K), 2 survivors (2048K)
 Metaspace       used 19071K, capacity 19462K, committed 19712K, reserved 272384K
  class space    used 2316K, capacity 2469K, committed 2560K, reserved 253952K
}
Event: 4.489 GC heap after
{Heap after GC invocations=3 (full 0):
 garbage-first heap   total 262144K, used 15698K [0x00000000e0000000, 0x0000000100000000)
  region size 1024K, 8 young (8192K), 8 survivors (8192K)
 Metaspace       used 19071K, capacity 19462K, committed 19712K, reserved 272384K
  class space    used 2316K, capacity 2469K, committed 2560K, reserved 253952K
}
Event: 4.749 GC heap before
{Heap before GC invocations=3 (full 0):
 garbage-first heap   total 262144K, used 25938K [0x00000000e0000000, 0x0000000100000000)
  region size 1024K, 19 young (19456K), 8 survivors (8192K)
 Metaspace       used 20552K, capacity 21110K, committed 21248K, reserved 272384K
  class space    used 2513K, capacity 2726K, committed 2816K, reserved 253952K
}
Event: 4.756 GC heap after
{Heap after GC invocations=4 (full 0):
 garbage-first heap   total 262144K, used 16401K [0x00000000e0000000, 0x0000000100000000)
  region size 1024K, 8 young (8192K), 8 survivors (8192K)
 Metaspace       used 20552K, capacity 21110K, committed 21248K, reserved 272384K
  class space    used 2513K, capacity 2726K, committed 2816K, reserved 253952K
}
Event: 7.979 GC heap before
{Heap before GC invocations=5 (full 0):
 garbage-first heap   total 262144K, used 134161K [0x00000000e0000000, 0x0000000100000000)
  region size 1024K, 125 young (128000K), 8 survivors (8192K)
 Metaspace       used 34874K, capacity 35676K, committed 35840K, reserved 286720K
  class space    used 4568K, capacity 4876K, committed 4992K, reserved 253952K
}
Event: 8.007 GC heap after
{Heap after GC invocations=6 (full 0):
 garbage-first heap   total 262144K, used 22095K [0x00000000e0000000, 0x0000000100000000)
  region size 1024K, 14 young (14336K), 14 survivors (14336K)
 Metaspace       used 34874K, capacity 35676K, committed 35840K, reserved 286720K
  class space    used 4568K, capacity 4876K, committed 4992K, reserved 253952K
}
Event: 11.992 GC heap before
{Heap before GC invocations=7 (full 0):
 garbage-first heap   total 262144K, used 163407K [0x00000000e0000000, 0x0000000100000000)
  region size 1024K, 149 young (152576K), 14 survivors (14336K)
 Metaspace       used 51637K, capacity 52703K, committed 52736K, reserved 301056K
  class space    used 6507K, capacity 6912K, committed 6912K, reserved 253952K
}
Event: 12.016 GC heap after
{Heap after GC invocations=8 (full 0):
 garbage-first heap   total 262144K, used 31634K [0x00000000e0000000, 0x0000000100000000)
  region size 1024K, 16 young (16384K), 16 survivors (16384K)
 Metaspace       used 51637K, capacity 52703K, committed 52736K, reserved 301056K
  class space    used 6507K, capacity 6912K, committed 6912K, reserved 253952K
}
Event: 24.096 GC heap before
{Heap before GC invocations=8 (full 0):
 garbage-first heap   total 262144K, used 121746K [0x00000000e0000000, 0x0000000100000000)
  region size 1024K, 106 young (108544K), 16 survivors (16384K)
 Metaspace       used 58868K, capacity 60117K, committed 60160K, reserved 307200K
  class space    used 7316K, capacity 7803K, committed 7808K, reserved 253952K
}
Event: 24.132 GC heap after
{Heap after GC invocations=9 (full 0):
 garbage-first heap   total 262144K, used 34954K [0x00000000e0000000, 0x0000000100000000)
  region size 1024K, 13 young (13312K), 13 survivors (13312K)
 Metaspace       used 58868K, capacity 60117K, committed 60160K, reserved 307200K
  class space    used 7316K, capacity 7803K, committed 7808K, reserved 253952K
}
Event: 26.564 GC heap before
{Heap before GC invocations=10 (full 0):
 garbage-first heap   total 262144K, used 177290K [0x00000000e0000000, 0x0000000100000000)
  region size 1024K, 153 young (156672K), 13 survivors (13312K)
 Metaspace       used 59407K, capacity 60715K, committed 60928K, reserved 307200K
  class space    used 7345K, capacity 7808K, committed 7808K, reserved 253952K
}
Event: 26.582 GC heap after
{Heap after GC invocations=11 (full 0):
 garbage-first heap   total 262144K, used 43486K [0x00000000e0000000, 0x0000000100000000)
  region size 1024K, 12 young (12288K), 12 survivors (12288K)
 Metaspace       used 59407K, capacity 60715K, committed 60928K, reserved 307200K
  class space    used 7345K, capacity 7808K, committed 7808K, reserved 253952K
}
Event: 28.459 GC heap before
{Heap before GC invocations=11 (full 0):
 garbage-first heap   total 262144K, used 187870K [0x00000000e0000000, 0x0000000100000000)
  region size 1024K, 153 young (156672K), 12 survivors (12288K)
 Metaspace       used 59649K, capacity 60924K, committed 61056K, reserved 307200K
  class space    used 7375K, capacity 7855K, committed 7936K, reserved 253952K
}
Event: 28.466 GC heap after
{Heap after GC invocations=12 (full 0):
 garbage-first heap   total 262144K, used 37138K [0x00000000e0000000, 0x0000000100000000)
  region size 1024K, 4 young (4096K), 4 survivors (4096K)
 Metaspace       used 59649K, capacity 60924K, committed 61056K, reserved 307200K
  class space    used 7375K, capacity 7855K, committed 7936K, reserved 253952K
}
Event: 33.593 GC heap before
{Heap before GC invocations=12 (full 0):
 garbage-first heap   total 262144K, used 189714K [0x00000000e0000000, 0x0000000100000000)
  region size 1024K, 153 young (156672K), 4 survivors (4096K)
 Metaspace       used 66014K, capacity 67698K, committed 67840K, reserved 313344K
  class space    used 8255K, capacity 8876K, committed 8960K, reserved 253952K
}
Event: 33.606 GC heap after
{Heap after GC invocations=13 (full 0):
 garbage-first heap   total 262144K, used 43416K [0x00000000e0000000, 0x0000000100000000)
  region size 1024K, 10 young (10240K), 10 survivors (10240K)
 Metaspace       used 66014K, capacity 67698K, committed 67840K, reserved 313344K
  class space    used 8255K, capacity 8876K, committed 8960K, reserved 253952K
}
Event: 39.771 GC heap before
{Heap before GC invocations=13 (full 0):
 garbage-first heap   total 262144K, used 188824K [0x00000000e0000000, 0x0000000100000000)
  region size 1024K, 153 young (156672K), 10 survivors (10240K)
 Metaspace       used 68319K, capacity 70094K, committed 70272K, reserved 315392K
  class space    used 8411K, capacity 9017K, committed 9088K, reserved 253952K
}
Event: 39.783 GC heap after
{Heap after GC invocations=14 (full 0):
 garbage-first heap   total 262144K, used 45056K [0x00000000e0000000, 0x0000000100000000)
  region size 1024K, 11 young (11264K), 11 survivors (11264K)
 Metaspace       used 68319K, capacity 70094K, committed 70272K, reserved 315392K
  class space    used 8411K, capacity 9017K, committed 9088K, reserved 253952K
}
Event: 49.502 GC heap before
{Heap before GC invocations=14 (full 0):
 garbage-first heap   total 262144K, used 189440K [0x00000000e0000000, 0x0000000100000000)
  region size 1024K, 153 young (156672K), 11 survivors (11264K)
 Metaspace       used 70141K, capacity 71939K, committed 72320K, reserved 317440K
  class space    used 8586K, capacity 9218K, committed 9344K, reserved 253952K
}
Event: 49.523 GC heap after
{Heap after GC invocations=15 (full 0):
 garbage-first heap   total 262144K, used 48242K [0x00000000e0000000, 0x0000000100000000)
  region size 1024K, 14 young (14336K), 14 survivors (14336K)
 Metaspace       used 70141K, capacity 71939K, committed 72320K, reserved 317440K
  class space    used 8586K, capacity 9218K, committed 9344K, reserved 253952K
}

Deoptimization events (20 events):
Event: 56.846 Thread 0x000002be7a438000 DEOPT PACKING pc=0x000002be664343aa sp=0x000000d38a0f5a30
Event: 56.846 Thread 0x000002be7a438000 DEOPT UNPACKING pc=0x000002be64d776ce sp=0x000000d38a0f4ec8 mode 0
Event: 60.315 Thread 0x000002be7a438000 Uncommon trap: trap_request=0xffffff4d fr.pc=0x000002be6d00cd7c relative=0x000000000000043c
Event: 60.315 Thread 0x000002be7a438000 Uncommon trap: reason=unstable_if action=reinterpret pc=0x000002be6d00cd7c method=com.google.common.cache.LocalCache$Segment.expireEntries(J)V @ 84 c2
Event: 60.315 Thread 0x000002be7a438000 DEOPT PACKING pc=0x000002be6d00cd7c sp=0x000000d38a0f7650
Event: 60.315 Thread 0x000002be7a438000 DEOPT UNPACKING pc=0x000002be64d778af sp=0x000000d38a0f75a8 mode 2
Event: 60.323 Thread 0x000002be7a438000 DEOPT PACKING pc=0x000002be66933f59 sp=0x000000d38a0f7900
Event: 60.323 Thread 0x000002be7a438000 DEOPT UNPACKING pc=0x000002be64d776ce sp=0x000000d38a0f6db8 mode 0
Event: 60.325 Thread 0x000002be7a438000 DEOPT PACKING pc=0x000002be66933f59 sp=0x000000d38a0f7900
Event: 60.325 Thread 0x000002be7a438000 DEOPT UNPACKING pc=0x000002be64d776ce sp=0x000000d38a0f6db8 mode 0
Event: 60.328 Thread 0x000002be7a438000 DEOPT PACKING pc=0x000002be66933f59 sp=0x000000d38a0f7900
Event: 60.328 Thread 0x000002be7a438000 DEOPT UNPACKING pc=0x000002be64d776ce sp=0x000000d38a0f6db8 mode 0
Event: 60.330 Thread 0x000002be7a438000 DEOPT PACKING pc=0x000002be66933f59 sp=0x000000d38a0f7900
Event: 60.330 Thread 0x000002be7a438000 DEOPT UNPACKING pc=0x000002be64d776ce sp=0x000000d38a0f6db8 mode 0
Event: 60.333 Thread 0x000002be7a438000 DEOPT PACKING pc=0x000002be66933f59 sp=0x000000d38a0f7900
Event: 60.333 Thread 0x000002be7a438000 DEOPT UNPACKING pc=0x000002be64d776ce sp=0x000000d38a0f6db8 mode 0
Event: 60.335 Thread 0x000002be7a438000 DEOPT PACKING pc=0x000002be66933f59 sp=0x000000d38a0f7900
Event: 60.335 Thread 0x000002be7a438000 DEOPT UNPACKING pc=0x000002be64d776ce sp=0x000000d38a0f6db8 mode 0
Event: 61.372 Thread 0x000002be7a438000 DEOPT PACKING pc=0x000002be65f1c590 sp=0x000000d38a0f6f70
Event: 61.372 Thread 0x000002be7a438000 DEOPT UNPACKING pc=0x000002be64d776ce sp=0x000000d38a0f6508 mode 0

Classes redefined (0 events):
No events

Internal exceptions (20 events):
Event: 31.523 Thread 0x000002be7a438000 Exception <a 'java/lang/ClassNotFoundException'{0x00000000e91ca9a8}: org/gradle/api/internal/AbstractTaskBeanInfo> (0x00000000e91ca9a8) thrown at [./src/hotspot/share/classfile/systemDictionary.cpp, line 231]
Event: 31.525 Thread 0x000002be7a438000 Exception <a 'java/lang/ClassNotFoundException'{0x00000000e91edde0}: org/gradle/api/internal/AbstractTaskCustomizer> (0x00000000e91edde0) thrown at [./src/hotspot/share/classfile/systemDictionary.cpp, line 231]
Event: 31.530 Thread 0x000002be7a438000 Exception <a 'java/lang/ClassNotFoundException'{0x00000000e90515d8}: org/gradle/api/DefaultTaskCustomizer> (0x00000000e90515d8) thrown at [./src/hotspot/share/classfile/systemDictionary.cpp, line 231]
Event: 31.536 Thread 0x000002be7a438000 Exception <a 'java/lang/ClassNotFoundException'{0x00000000e90c8e20}: org/gradle/api/internal/ConventionTaskCustomizer> (0x00000000e90c8e20) thrown at [./src/hotspot/share/classfile/systemDictionary.cpp, line 231]
Event: 31.539 Thread 0x000002be7a438000 Exception <a 'java/lang/ClassNotFoundException'{0x00000000e8f06b80}: org/gradle/api/tasks/testing/AbstractTestTaskCustomizer> (0x00000000e8f06b80) thrown at [./src/hotspot/share/classfile/systemDictionary.cpp, line 231]
Event: 31.542 Thread 0x000002be7a438000 Exception <a 'java/lang/ClassNotFoundException'{0x00000000e8f50540}: org/gradle/api/tasks/testing/TestCustomizer> (0x00000000e8f50540) thrown at [./src/hotspot/share/classfile/systemDictionary.cpp, line 231]
Event: 31.556 Thread 0x000002be7a438000 Exception <a 'java/lang/ClassNotFoundException'{0x00000000e8e17e88}: org/gradle/api/tasks/testing/Test_DecoratedCustomizer> (0x00000000e8e17e88) thrown at [./src/hotspot/share/classfile/systemDictionary.cpp, line 231]
Event: 31.595 Thread 0x000002be7a438000 Exception <a 'java/lang/NoSuchMethodError'{0x00000000e8d5c998}: 'long java.lang.invoke.DirectMethodHandle$Holder.invokeVirtual(java.lang.Object, java.lang.Object)'> (0x00000000e8d5c998) thrown at [./src/hotspot/share/interpreter/linkResolver.cpp, line 773]
Event: 31.606 Thread 0x000002be7acc0000 Exception <a 'java/lang/NoSuchMethodError'{0x00000000e8c08d18}: <clinit>> (0x00000000e8c08d18) thrown at [./src/hotspot/share/prims/jni.cpp, line 1362]
Event: 31.606 Thread 0x000002be7acc0000 Exception <a 'java/lang/NoSuchMethodError'{0x00000000e8c09e40}: <clinit>> (0x00000000e8c09e40) thrown at [./src/hotspot/share/prims/jni.cpp, line 1362]
Event: 31.607 Thread 0x000002be7acc0000 Exception <a 'java/lang/NoSuchMethodError'{0x00000000e8c13738}: <clinit>> (0x00000000e8c13738) thrown at [./src/hotspot/share/prims/jni.cpp, line 1362]
Event: 31.608 Thread 0x000002be7acc0000 Exception <a 'java/lang/NoSuchMethodError'{0x00000000e8c1dc08}: <clinit>> (0x00000000e8c1dc08) thrown at [./src/hotspot/share/prims/jni.cpp, line 1362]
Event: 31.611 Thread 0x000002be7acc0000 Exception <a 'java/lang/NoSuchMethodError'{0x00000000e8c31668}: <clinit>> (0x00000000e8c31668) thrown at [./src/hotspot/share/prims/jni.cpp, line 1362]
Event: 40.834 Thread 0x000002be7a438000 Exception <a 'java/lang/NoSuchMethodError'{0x00000000ec8d5620}: 'java.lang.Object java.lang.invoke.Invokers$Holder.linkToTargetMethod(java.lang.Object, int, java.lang.Object)'> (0x00000000ec8d5620) thrown at [./src/hotspot/share/interpreter/linkResolver.cpp, line 773]
Event: 41.038 Thread 0x000002be7a438000 Implicit null exception at 0x000002be6ce2d799 to 0x000002be6ce2d9b8
Event: 46.462 Thread 0x000002be7a438000 Exception <a 'java/lang/ClassNotFoundException'{0x00000000eb5249e0}: org/gradle/api/tasks/util/internal/PatternSets$InternalPatternSetBeanInfo> (0x00000000eb5249e0) thrown at [./src/hotspot/share/classfile/systemDictionary.cpp, line 231]
Event: 46.462 Thread 0x000002be7a438000 Exception <a 'java/lang/ClassNotFoundException'{0x00000000eb5377e0}: org/gradle/api/tasks/util/PatternSetBeanInfo> (0x00000000eb5377e0) thrown at [./src/hotspot/share/classfile/systemDictionary.cpp, line 231]
Event: 46.463 Thread 0x000002be7a438000 Exception <a 'java/lang/ClassNotFoundException'{0x00000000eb54a760}: org/gradle/api/tasks/util/PatternSetCustomizer> (0x00000000eb54a760) thrown at [./src/hotspot/share/classfile/systemDictionary.cpp, line 231]
Event: 46.465 Thread 0x000002be7a438000 Exception <a 'java/lang/ClassNotFoundException'{0x00000000eb584598}: org/gradle/api/tasks/util/internal/PatternSets$InternalPatternSetCustomizer> (0x00000000eb584598) thrown at [./src/hotspot/share/classfile/systemDictionary.cpp, line 231]
Event: 49.946 Thread 0x000002be7a438000 Implicit null exception at 0x000002be6cfeb367 to 0x000002be6cfeb69c

Events (20 events):
Event: 60.682 Executing VM operation: ICBufferFull
Event: 60.682 Executing VM operation: ICBufferFull done
Event: 60.736 loading class org/gradle/api/internal/artifacts/ivyservice/ShortCircuitEmptyConfigurationResolver$EmptyResults
Event: 60.736 loading class org/gradle/api/internal/artifacts/ivyservice/ShortCircuitEmptyConfigurationResolver$EmptyResults done
Event: 60.738 loading class org/gradle/api/internal/artifacts/ivyservice/ShortCircuitEmptyConfigurationResolver$EmptyResolvedConfiguration
Event: 60.738 loading class org/gradle/api/internal/artifacts/ivyservice/ShortCircuitEmptyConfigurationResolver$EmptyResolvedConfiguration done
Event: 60.739 loading class org/gradle/api/internal/artifacts/ivyservice/ShortCircuitEmptyConfigurationResolver$EmptyResolvedConfiguration$1
Event: 60.739 loading class org/gradle/api/internal/artifacts/ivyservice/ShortCircuitEmptyConfigurationResolver$EmptyResolvedConfiguration$1 done
Event: 60.812 loading class org/gradle/api/internal/artifacts/query/DefaultArtifactResolutionQuery
Event: 60.812 loading class org/gradle/api/internal/artifacts/query/DefaultArtifactResolutionQuery done
Event: 60.814 loading class org/gradle/api/artifacts/result/ComponentArtifactsResult
Event: 60.814 loading class org/gradle/api/artifacts/result/ComponentArtifactsResult done
Event: 60.814 loading class org/gradle/api/artifacts/result/ArtifactResolutionResult
Event: 60.814 loading class org/gradle/api/artifacts/result/ArtifactResolutionResult done
Event: 60.816 loading class org/gradle/api/internal/artifacts/result/DefaultComponentArtifactsResult
Event: 60.816 loading class org/gradle/api/internal/artifacts/result/DefaultComponentArtifactsResult done
Event: 61.660 Thread 0x000002be7ccee800 Thread exited: 0x000002be7ccee800
Event: 64.102 Executing VM operation: RevokeBias
Event: 64.103 Executing VM operation: RevokeBias done
Event: 64.103 Thread 0x000002be79d98000 Thread exited: 0x000002be79d98000


Dynamic libraries:
0x00007ff673900000 - 0x00007ff67390d000 	D:\CMPE 172\bin\java.exe
0x00007ffb0b9f0000 - 0x00007ffb0bbe6000 	C:\WINDOWS\SYSTEM32\ntdll.dll
0x00007ffb0ab80000 - 0x00007ffb0ac3d000 	C:\WINDOWS\System32\KERNEL32.DLL
0x00007ffb09440000 - 0x00007ffb09709000 	C:\WINDOWS\System32\KERNELBASE.dll
0x00007ffb098f0000 - 0x00007ffb099f0000 	C:\WINDOWS\System32\ucrtbase.dll
0x00007ffb01850000 - 0x00007ffb01865000 	D:\CMPE 172\bin\VCRUNTIME140.dll
0x00007ffb00df0000 - 0x00007ffb00e07000 	D:\CMPE 172\bin\jli.dll
0x00007ffb0b770000 - 0x00007ffb0b910000 	C:\WINDOWS\System32\USER32.dll
0x00007ffaf75b0000 - 0x00007ffaf784b000 	C:\WINDOWS\WinSxS\amd64_microsoft.windows.common-controls_6595b64144ccf1df_6.0.19041.746_none_ca02b4b61b8320a4\COMCTL32.dll
0x00007ffb09410000 - 0x00007ffb09432000 	C:\WINDOWS\System32\win32u.dll
0x00007ffb0b910000 - 0x00007ffb0b9ae000 	C:\WINDOWS\System32\msvcrt.dll
0x00007ffb0b4c0000 - 0x00007ffb0b4ea000 	C:\WINDOWS\System32\GDI32.dll
0x00007ffb09130000 - 0x00007ffb0923b000 	C:\WINDOWS\System32\gdi32full.dll
0x00007ffb09370000 - 0x00007ffb0940d000 	C:\WINDOWS\System32\msvcp_win.dll
0x00007ffb0b600000 - 0x00007ffb0b630000 	C:\WINDOWS\System32\IMM32.DLL
0x00007ffae6b30000 - 0x00007ffae6bcb000 	D:\CMPE 172\bin\msvcp140.dll
0x00007ffac4ca0000 - 0x00007ffac57e3000 	D:\CMPE 172\bin\server\jvm.dll
0x00007ffb0b4f0000 - 0x00007ffb0b59c000 	C:\WINDOWS\System32\ADVAPI32.dll
0x00007ffb0aa80000 - 0x00007ffb0ab1c000 	C:\WINDOWS\System32\sechost.dll
0x00007ffb0ac50000 - 0x00007ffb0ad7b000 	C:\WINDOWS\System32\RPCRT4.dll
0x00007ffb0ac40000 - 0x00007ffb0ac48000 	C:\WINDOWS\System32\PSAPI.DLL
0x00007ffaf4050000 - 0x00007ffaf4059000 	C:\WINDOWS\SYSTEM32\WSOCK32.dll
0x00007ffaf7c30000 - 0x00007ffaf7c57000 	C:\WINDOWS\SYSTEM32\WINMM.dll
0x00007ffaf9450000 - 0x00007ffaf945a000 	C:\WINDOWS\SYSTEM32\VERSION.dll
0x00007ffb0ae10000 - 0x00007ffb0ae7b000 	C:\WINDOWS\System32\WS2_32.dll
0x00007ffb07230000 - 0x00007ffb07242000 	C:\WINDOWS\SYSTEM32\kernel.appcore.dll
0x00007ffb065c0000 - 0x00007ffb065d0000 	D:\CMPE 172\bin\verify.dll
0x00007ffb06db0000 - 0x00007ffb06f94000 	C:\WINDOWS\SYSTEM32\DBGHELP.DLL
0x00007ffae7360000 - 0x00007ffae738c000 	C:\WINDOWS\SYSTEM32\dbgcore.DLL
0x00007ffb09870000 - 0x00007ffb098f0000 	C:\WINDOWS\System32\bcryptPrimitives.dll
0x00007ffaf6fc0000 - 0x00007ffaf6fe8000 	D:\CMPE 172\bin\java.dll
0x00007ffb04750000 - 0x00007ffb0475a000 	D:\CMPE 172\bin\jimage.dll
0x00007ffaf6660000 - 0x00007ffaf6677000 	D:\CMPE 172\bin\zip.dll
0x00007ffb0a0b0000 - 0x00007ffb0a7f3000 	C:\WINDOWS\System32\SHELL32.dll
0x00007ffb07250000 - 0x00007ffb079df000 	C:\WINDOWS\SYSTEM32\windows.storage.dll
0x00007ffb09b70000 - 0x00007ffb09ec6000 	C:\WINDOWS\System32\combase.dll
0x00007ffb08b90000 - 0x00007ffb08bbc000 	C:\WINDOWS\SYSTEM32\Wldp.dll
0x00007ffb0a000000 - 0x00007ffb0a0ae000 	C:\WINDOWS\System32\SHCORE.dll
0x00007ffb0ae80000 - 0x00007ffb0aed5000 	C:\WINDOWS\System32\shlwapi.dll
0x00007ffb09060000 - 0x00007ffb09086000 	C:\WINDOWS\SYSTEM32\profapi.dll
0x00007ffaf6640000 - 0x00007ffaf6659000 	D:\CMPE 172\bin\net.dll
0x00007ffaf9460000 - 0x00007ffaf9560000 	C:\WINDOWS\SYSTEM32\WINHTTP.dll
0x00007ffb088c0000 - 0x00007ffb0892a000 	C:\WINDOWS\system32\mswsock.dll
0x00007ffaf6620000 - 0x00007ffaf6632000 	D:\CMPE 172\bin\nio.dll
0x00007ffaf5bd0000 - 0x00007ffaf5bf7000 	C:\Users\jclee\.gradle\native\fdc75f09e3144964f2cf3f50f0aa648679c211496f362492102eb8c894070792\windows-amd64\native-platform.dll
0x00007ffac9900000 - 0x00007ffac9a96000 	C:\Users\jclee\.gradle\native\12488b8bf47d2d4c9fbf2f6322a914ad602e24e48041cd04a747c6da556b65c4\windows-amd64\native-platform-file-events.dll
0x00007ffb00910000 - 0x00007ffb00919000 	D:\CMPE 172\bin\management.dll
0x00007ffafec10000 - 0x00007ffafec1b000 	D:\CMPE 172\bin\management_ext.dll
0x00007ffb08a60000 - 0x00007ffb08a78000 	C:\WINDOWS\SYSTEM32\CRYPTSP.dll
0x00007ffb081a0000 - 0x00007ffb081d4000 	C:\WINDOWS\system32\rsaenh.dll
0x00007ffb09290000 - 0x00007ffb092b7000 	C:\WINDOWS\System32\bcrypt.dll
0x00007ffb08fe0000 - 0x00007ffb0900e000 	C:\WINDOWS\SYSTEM32\USERENV.dll
0x00007ffb08a80000 - 0x00007ffb08a8c000 	C:\WINDOWS\SYSTEM32\CRYPTBASE.dll
0x00007ffb08550000 - 0x00007ffb0858b000 	C:\WINDOWS\SYSTEM32\IPHLPAPI.DLL
0x00007ffb0b4a0000 - 0x00007ffb0b4a8000 	C:\WINDOWS\System32\NSI.dll
0x00007ffb007d0000 - 0x00007ffb007e7000 	C:\WINDOWS\SYSTEM32\dhcpcsvc6.DLL
0x00007ffb00af0000 - 0x00007ffb00b0d000 	C:\WINDOWS\SYSTEM32\dhcpcsvc.DLL
0x00007ffb08590000 - 0x00007ffb0865b000 	C:\WINDOWS\SYSTEM32\DNSAPI.dll
0x00007ffb01ab0000 - 0x00007ffb01abb000 	C:\WINDOWS\SYSTEM32\WINNSI.DLL
0x00007ffaf5c30000 - 0x00007ffaf5c55000 	D:\CMPE 172\bin\sunec.dll
0x00007ffaf7cd0000 - 0x00007ffaf7cda000 	C:\Windows\System32\rasadhlp.dll
0x00007ffaf9800000 - 0x00007ffaf987f000 	C:\WINDOWS\System32\fwpuclnt.dll
0x00007ffb00de0000 - 0x00007ffb00dee000 	D:\CMPE 172\bin\sunmscapi.dll
0x00007ffb09710000 - 0x00007ffb09866000 	C:\WINDOWS\System32\CRYPT32.dll
0x00007ffb08c00000 - 0x00007ffb08c27000 	C:\WINDOWS\SYSTEM32\ncrypt.dll
0x00007ffb08bc0000 - 0x00007ffb08bfb000 	C:\WINDOWS\SYSTEM32\NTASN1.dll

dbghelp: loaded successfully - version: 4.0.5 - missing functions: none
symbol engine: initialized successfully - sym options: 0x614 - pdb path: .;D:\CMPE 172\bin;C:\WINDOWS\SYSTEM32;C:\WINDOWS\WinSxS\amd64_microsoft.windows.common-controls_6595b64144ccf1df_6.0.19041.746_none_ca02b4b61b8320a4;D:\CMPE 172\bin\server;C:\Users\jclee\.gradle\native\fdc75f09e3144964f2cf3f50f0aa648679c211496f362492102eb8c894070792\windows-amd64;C:\Users\jclee\.gradle\native\12488b8bf47d2d4c9fbf2f6322a914ad602e24e48041cd04a747c6da556b65c4\windows-amd64

VM Arguments:
jvm_args: --add-opens=java.base/java.util=ALL-UNNAMED --add-opens=java.base/java.lang=ALL-UNNAMED --add-opens=java.base/java.lang.invoke=ALL-UNNAMED --add-opens=java.prefs/java.util.prefs=ALL-UNNAMED -XX:MaxMetaspaceSize=256m -XX:+HeapDumpOnOutOfMemoryError -Xms256m -Xmx512m -Dfile.encoding=utf8 -Duser.country=US -Duser.language=en -Duser.variant 
java_command: org.gradle.launcher.daemon.bootstrap.GradleDaemon 6.8.2
java_class_path (initial): C:\Users\jclee\.gradle\wrapper\dists\gradle-6.8.2-bin\5nlkemqlnno2amj7d1mfn69bt\gradle-6.8.2\lib\gradle-launcher-6.8.2.jar
Launcher Type: SUN_STANDARD

[Global flags]
     intx CICompilerCount                          = 4                                         {product} {ergonomic}
   size_t CompressedClassSpaceSize                 = 260046848                                 {product} {ergonomic}
     uint ConcGCThreads                            = 2                                         {product} {ergonomic}
     uint G1ConcRefinementThreads                  = 8                                         {product} {ergonomic}
   size_t G1HeapRegionSize                         = 1048576                                   {product} {ergonomic}
    uintx GCDrainStackTargetSize                   = 64                                        {product} {ergonomic}
     bool HeapDumpOnOutOfMemoryError               = true                                   {manageable} {command line}
   size_t InitialHeapSize                          = 268435456                                 {product} {command line}
   size_t MarkStackSize                            = 4194304                                   {product} {ergonomic}
   size_t MaxHeapSize                              = 536870912                                 {product} {command line}
   size_t MaxMetaspaceSize                         = 268435456                                 {product} {command line}
   size_t MaxNewSize                               = 321912832                                 {product} {ergonomic}
   size_t MinHeapDeltaBytes                        = 1048576                                   {product} {ergonomic}
    uintx NonNMethodCodeHeapSize                   = 5836300                                {pd product} {ergonomic}
    uintx NonProfiledCodeHeapSize                  = 122910970                              {pd product} {ergonomic}
    uintx ProfiledCodeHeapSize                     = 122910970                              {pd product} {ergonomic}
    uintx ReservedCodeCacheSize                    = 251658240                              {pd product} {ergonomic}
     bool SegmentedCodeCache                       = true                                      {product} {ergonomic}
     bool UseCompressedClassPointers               = true                                 {lp64_product} {ergonomic}
     bool UseCompressedOops                        = true                                 {lp64_product} {ergonomic}
     bool UseG1GC                                  = true                                      {product} {ergonomic}
     bool UseLargePagesIndividualAllocation        = false                                  {pd product} {ergonomic}

Logging:
Log output configuration:
 #0: stdout all=warning uptime,level,tags
 #1: stderr all=off uptime,level,tags

Environment Variables:
PATH=D:\CMPE 172\bin;C:\Program Files (x86)\Razer\ChromaBroadcast\bin;C:\Program Files\Razer\ChromaBroadcast\bin;C:\Program Files (x86)\Intel\iCLS Client\;C:\Program Files (x86)\Common Files\Oracle\Java\javapath;C:\Program Files\Intel\iCLS Client\;C:\Windows\system32;C:\Windows;C:\Windows\System32\Wbem;C:\Windows\System32\WindowsPowerShell\v1.0\;C:\Program Files\Microsoft SQL Server\Client SDK\ODBC\110\Tools\Binn\;C:\Program Files (x86)\Microsoft SQL Server\120\Tools\Binn\;C:\Program Files\Microsoft SQL Server\120\Tools\Binn\;C:\Program Files\Microsoft SQL Server\120\DTS\Binn\;C:\Program Files (x86)\Windows Kits\8.1\Windows Performance Toolkit\;C:\WINDOWS\system32;C:\WINDOWS;C:\WINDOWS\System32\Wbem;C:\WINDOWS\System32\WindowsPowerShell\v1.0\;C:\Program Files\dotnet\;C:\WINDOWS\System32\OpenSSH\;C:\MinGW\bin;C:\MinGW\msys\1.0\bin;C:\Program Files (x86)\Intel\Intel(R) Management Engine Components\DAL;C:\Program Files\Intel\Intel(R) Management Engine Components\DAL;C:\Program Files (x86)\Intel\Intel(R) Management Engine Components\IPT;C:\Program Files\Intel\Intel(R) Management Engine Components\IPT;C:\WINDOWS\system32\config\systemprofile\AppData\Local\Microsoft\WindowsApps;;C:\WINDOWS\system32;C:\WINDOWS;C:\WINDOWS\System32\Wbem;C:\WINDOWS\System32\WindowsPowerShell\v1.0\;C:\WINDOWS\System32\OpenSSH\;C:\Program Files\Docker\Docker\resources\bin;C:\ProgramData\DockerDesktop\version-bin;C:\Users\jclee\AppData\Local\Programs\Python\Python37-32\Scripts\;C:\Users\jclee\AppData\Local\Programs\Python\Python37-32\;C:\Users\jclee\AppData\Local\Microsoft\WindowsApps;C:\Users\jclee\AppData\Local\atom\bin;C:\Users\jclee\AppData\Local\Programs\Microsoft VS Code\bin;C:\Users\jclee\AppData\Local\Microsoft\WindowsApps;
USERNAME=jclee
OS=Windows_NT
PROCESSOR_IDENTIFIER=Intel64 Family 6 Model 158 Stepping 9, GenuineIntel



---------------  S Y S T E M  ---------------

OS: Windows 10 , 64 bit Build 19041 (10.0.19041.662)
OS uptime: 11 days 10:23 hours
Hyper-V role detected

CPU:total 8 (initial active 8) (4 cores per cpu, 2 threads per core) family 6 model 158 stepping 9 microcode 0xb4, cmov, cx8, fxsr, mmx, sse, sse2, sse3, ssse3, sse4.1, sse4.2, popcnt, avx, avx2, aes, clmul, erms, 3dnowpref, lzcnt, ht, tsc, tscinvbit, bmi1, bmi2, adx, fma

Memory: 4k page, system-wide physical 16257M (2438M free)
TotalPageFile size 31333M (AvailPageFile size 6M)
current process WorkingSet (physical memory assigned to process): 421M, peak: 452M
current process commit charge ("private bytes"): 519M, peak: 558M

vm_info: OpenJDK 64-Bit Server VM (11.0.10+9) for windows-amd64 JRE (11.0.10+9), built on Jan 20 2021 06:07:07 by "" with MS VC++ 15.9 (VS2017)

END.
