#
# There is insufficient memory for the Java Runtime Environment to continue.
# Native memory allocation (malloc) failed to allocate 1063616 bytes for Chunk::new
# Possible reasons:
#   The system is out of physical RAM or swap space
#   The process is running with CompressedOops enabled, and the Java Heap may be blocking the growth of the native heap
# Possible solutions:
#   Reduce memory load on the system
#   Increase physical memory or swap space
#   Check if swap backing store is full
#   Decrease Java heap size (-Xmx/-Xms)
#   Decrease number of Java threads
#   Decrease Java thread stack sizes (-Xss)
#   Set larger code cache with -XX:ReservedCodeCacheSize=
#   JVM is running with Unscaled Compressed Oops mode in which the Java heap is
#     placed in the first 4GB address space. The Java Heap base address is the
#     maximum limit for the native heap growth. Please use -XX:HeapBaseMinAddress
#     to set the Java Heap base and to place the Java Heap above 4GB virtual address.
# This output file may be truncated or incomplete.
#
#  Out of Memory Error (./src/hotspot/share/memory/arena.cpp:197), pid=29412, tid=21232
#
# JRE version: OpenJDK Runtime Environment AdoptOpenJDK (11.0.10+9) (build 11.0.10+9)
# Java VM: OpenJDK 64-Bit Server VM AdoptOpenJDK (11.0.10+9, mixed mode, tiered, compressed oops, parallel gc, windows-amd64)
# No core dump will be written. Minidumps are not enabled by default on client versions of Windows
#

---------------  S U M M A R Y ------------

Command Line: --add-modules=ALL-SYSTEM --add-opens=java.base/java.util=ALL-UNNAMED --add-opens=java.base/java.lang=ALL-UNNAMED -Declipse.application=org.eclipse.jdt.ls.core.id1 -Dosgi.bundles.defaultStartLevel=4 -Declipse.product=org.eclipse.jdt.ls.core.product -Dfile.encoding=utf8 -DwatchParentProcess=false -XX:+UseParallelGC -XX:GCTimeRatio=4 -XX:AdaptiveSizePolicyWeight=90 -Dsun.zip.disableMemoryMapping=true -Xmx1G -Xms100m -Xverify:none c:\Users\jclee\.vscode\extensions\redhat.java-0.75.0\server\plugins\org.eclipse.equinox.launcher_1.6.0.v20200915-1508.jar -configuration c:\Users\jclee\AppData\Roaming\Code\User\globalStorage\redhat.java\0.75.0\config_win -data c:\Users\jclee\AppData\Roaming\Code\User\workspaceStorage\3a7b7bb965c1242a4f2413dab2208033\redhat.java\jdt_ws

Host: Intel(R) Core(TM) i7-7700HQ CPU @ 2.80GHz, 8 cores, 15G,  Windows 10 , 64 bit Build 19041 (10.0.19041.662)
Time: Sat Feb 20 16:23:19 2021 Pacific Standard Time elapsed time: 107.319437 seconds (0d 0h 1m 47s)

---------------  T H R E A D  ---------------

Current thread (0x0000020ccb1d6000):  JavaThread "C2 CompilerThread0" daemon [_thread_in_native, id=21232, stack(0x00000072a6500000,0x00000072a6600000)]


Current CompileTask:
C2: 107319 7911       4       org.eclipse.jdt.internal.core.search.indexing.BinaryIndexer::extractReferenceFromConstantPool (341 bytes)

Stack: [0x00000072a6500000,0x00000072a6600000]
Native frames: (J=compiled Java code, j=interpreted, Vv=VM code, C=native code)
V  [jvm.dll+0x5f35ea]
V  [jvm.dll+0x77c65e]
V  [jvm.dll+0x77dd2f]
V  [jvm.dll+0x77e3f3]
V  [jvm.dll+0x246c38]
V  [jvm.dll+0xbe6cc]
V  [jvm.dll+0xbedcc]
V  [jvm.dll+0x2b5ef4]
V  [jvm.dll+0x507c19]
V  [jvm.dll+0x2086dd]
V  [jvm.dll+0x20264a]
V  [jvm.dll+0x1ff5ef]
V  [jvm.dll+0x1846bc]
V  [jvm.dll+0x20ec37]
V  [jvm.dll+0x20ce1b]
V  [jvm.dll+0x740b39]
V  [jvm.dll+0x739ba4]
V  [jvm.dll+0x5f2466]
C  [ucrtbase.dll+0x214c2]
C  [KERNEL32.DLL+0x17034]
C  [ntdll.dll+0x4d0d1]


---------------  P R O C E S S  ---------------

Threads class SMR info:
_java_thread_list=0x0000020ccc423d50, length=42, elements={
0x0000020cb00ad000, 0x0000020cca180800, 0x0000020cca182800, 0x0000020ccb225000,
0x0000020cca18f000, 0x0000020ccb1d3800, 0x0000020ccb1d6000, 0x0000020ccb1dc000,
0x0000020ccb1df800, 0x0000020ccb377800, 0x0000020ccc70b000, 0x0000020ccd034000,
0x0000020ccd022800, 0x0000020ccc600000, 0x0000020ccc834000, 0x0000020ccd13c000,
0x0000020ccd231800, 0x0000020ccd2cb000, 0x0000020ccd384800, 0x0000020ccd386000,
0x0000020ccd388800, 0x0000020ccd386800, 0x0000020ccd38a000, 0x0000020ccd385000,
0x0000020ccd387800, 0x0000020ccd38b000, 0x0000020ccd389000, 0x0000020cdaa69000,
0x0000020cdaa66000, 0x0000020cdaa67800, 0x0000020cdaa66800, 0x0000020cdaa64800,
0x0000020cdaa63800, 0x0000020cdaa68800, 0x0000020cdaa65000, 0x0000020cdaa6b000,
0x0000020cdaa6c800, 0x0000020cdaa6e000, 0x0000020cdaa6a000, 0x0000020cdaa70800,
0x0000020ccf729800, 0x0000020cd17c0000
}

Java Threads: ( => current thread )
  0x0000020cb00ad000 JavaThread "main" [_thread_blocked, id=24628, stack(0x00000072a5d00000,0x00000072a5e00000)]
  0x0000020cca180800 JavaThread "Reference Handler" daemon [_thread_blocked, id=2144, stack(0x00000072a6000000,0x00000072a6100000)]
  0x0000020cca182800 JavaThread "Finalizer" daemon [_thread_blocked, id=32720, stack(0x00000072a6100000,0x00000072a6200000)]
  0x0000020ccb225000 JavaThread "Signal Dispatcher" daemon [_thread_blocked, id=36632, stack(0x00000072a6200000,0x00000072a6300000)]
  0x0000020cca18f000 JavaThread "Attach Listener" daemon [_thread_blocked, id=29400, stack(0x00000072a6300000,0x00000072a6400000)]
  0x0000020ccb1d3800 JavaThread "Service Thread" daemon [_thread_blocked, id=16568, stack(0x00000072a6400000,0x00000072a6500000)]
=>0x0000020ccb1d6000 JavaThread "C2 CompilerThread0" daemon [_thread_in_native, id=21232, stack(0x00000072a6500000,0x00000072a6600000)]
  0x0000020ccb1dc000 JavaThread "C1 CompilerThread0" daemon [_thread_blocked, id=21984, stack(0x00000072a6600000,0x00000072a6700000)]
  0x0000020ccb1df800 JavaThread "Sweeper thread" daemon [_thread_blocked, id=9628, stack(0x00000072a6700000,0x00000072a6800000)]
  0x0000020ccb377800 JavaThread "Common-Cleaner" daemon [_thread_blocked, id=26292, stack(0x00000072a6800000,0x00000072a6900000)]
  0x0000020ccc70b000 JavaThread "Active Thread: Equinox Container: c4c871d3-4ff5-48cc-8d86-e53069379671" [_thread_blocked, id=14248, stack(0x00000072a6b00000,0x00000072a6c00000)]
  0x0000020ccd034000 JavaThread "Framework Event Dispatcher: Equinox Container: c4c871d3-4ff5-48cc-8d86-e53069379671" daemon [_thread_blocked, id=21196, stack(0x00000072a6c00000,0x00000072a6d00000)]
  0x0000020ccd022800 JavaThread "Start Level: Equinox Container: c4c871d3-4ff5-48cc-8d86-e53069379671" daemon [_thread_blocked, id=37336, stack(0x00000072a6d00000,0x00000072a6e00000)]
  0x0000020ccc600000 JavaThread "SCR Component Actor" daemon [_thread_blocked, id=35136, stack(0x00000072a7100000,0x00000072a7200000)]
  0x0000020ccc834000 JavaThread "Worker-JM" [_thread_blocked, id=36236, stack(0x00000072a7300000,0x00000072a7400000)]
  0x0000020ccd13c000 JavaThread "Worker-0" [_thread_blocked, id=20400, stack(0x00000072a7200000,0x00000072a7300000)]
  0x0000020ccd231800 JavaThread "Worker-1" [_thread_blocked, id=14988, stack(0x00000072a7800000,0x00000072a7900000)]
  0x0000020ccd2cb000 JavaThread "Worker-2" [_thread_blocked, id=35608, stack(0x00000072a7900000,0x00000072a7a00000)]
  0x0000020ccd384800 JavaThread "Java indexing" daemon [_thread_in_Java, id=25860, stack(0x00000072a7a00000,0x00000072a7b00000)]
  0x0000020ccd386000 JavaThread "logback configurator timer" daemon [_thread_blocked, id=16544, stack(0x00000072a7b00000,0x00000072a7c00000)]
  0x0000020ccd388800 JavaThread "pool-2-thread-1" [_thread_in_native, id=32912, stack(0x00000072a7d00000,0x00000072a7e00000)]
  0x0000020ccd386800 JavaThread "Worker-3" [_thread_blocked, id=33396, stack(0x00000072a6900000,0x00000072a6a00000)]
  0x0000020ccd38a000 JavaThread "ForkJoinPool.commonPool-worker-3" daemon [_thread_blocked, id=19152, stack(0x00000072a7e00000,0x00000072a7f00000)]
  0x0000020ccd385000 JavaThread "Worker-4: Java indexing... " [_thread_blocked, id=29456, stack(0x00000072a8000000,0x00000072a8100000)]
  0x0000020ccd387800 JavaThread "Worker-5" [_thread_blocked, id=33188, stack(0x00000072a8100000,0x00000072a8200000)]
  0x0000020ccd38b000 JavaThread "Worker-6" [_thread_blocked, id=22452, stack(0x00000072a8200000,0x00000072a8300000)]
  0x0000020ccd389000 JavaThread "Timer-1" [_thread_blocked, id=30144, stack(0x00000072a8300000,0x00000072a8400000)]
  0x0000020cdaa69000 JavaThread "Timer-2" [_thread_blocked, id=33548, stack(0x00000072a8400000,0x00000072a8500000)]
  0x0000020cdaa66000 JavaThread "Timer-3" [_thread_blocked, id=21024, stack(0x00000072a8500000,0x00000072a8600000)]
  0x0000020cdaa67800 JavaThread "Timer-4" [_thread_blocked, id=23424, stack(0x00000072a8600000,0x00000072a8700000)]
  0x0000020cdaa66800 JavaThread "Timer-5" [_thread_blocked, id=14912, stack(0x00000072a5b00000,0x00000072a5c00000)]
  0x0000020cdaa64800 JavaThread "Timer-6" [_thread_blocked, id=37124, stack(0x00000072a5c00000,0x00000072a5d00000)]
  0x0000020cdaa63800 JavaThread "Timer-7" [_thread_blocked, id=27576, stack(0x00000072a5a00000,0x00000072a5b00000)]
  0x0000020cdaa68800 JavaThread "Timer-8" [_thread_blocked, id=19064, stack(0x00000072a7f00000,0x00000072a8000000)]
  0x0000020cdaa65000 JavaThread "Timer-9" [_thread_blocked, id=25584, stack(0x00000072a8900000,0x00000072a8a00000)]
  0x0000020cdaa6b000 JavaThread "Worker-7" [_thread_blocked, id=32748, stack(0x00000072a8c00000,0x00000072a8d00000)]
  0x0000020cdaa6c800 JavaThread "ForkJoinPool.commonPool-worker-5" daemon [_thread_blocked, id=14168, stack(0x00000072a8d00000,0x00000072a8e00000)]
  0x0000020cdaa6e000 JavaThread "ForkJoinPool.commonPool-worker-7" daemon [_thread_blocked, id=21404, stack(0x00000072a8e00000,0x00000072a8f00000)]
  0x0000020cdaa6a000 JavaThread "ForkJoinPool.commonPool-worker-9" daemon [_thread_blocked, id=19356, stack(0x00000072a8f00000,0x00000072a9000000)]
  0x0000020cdaa70800 JavaThread "Worker-8" [_thread_blocked, id=32076, stack(0x00000072a9000000,0x00000072a9100000)]
  0x0000020ccf729800 JavaThread "C2 CompilerThread1" daemon [_thread_in_native, id=22680, stack(0x00000072a8700000,0x00000072a8800000)]
  0x0000020cd17c0000 JavaThread "C2 CompilerThread2" daemon [_thread_in_native, id=32920, stack(0x00000072a8b00000,0x00000072a8c00000)]

Other Threads:
  0x0000020cb017b800 VMThread "VM Thread" [stack: 0x00000072a5f00000,0x00000072a6000000] [id=19444]
  0x0000020ccb507800 WatcherThread [stack: 0x00000072a6a00000,0x00000072a6b00000] [id=15896]
  0x0000020cb00c4800 GCTaskThread "ParGC Thread#0" [stack: 0x00000072a5e00000,0x00000072a5f00000] [id=21380]
  0x0000020ccc7d2800 GCTaskThread "ParGC Thread#1" [stack: 0x00000072a6e00000,0x00000072a6f00000] [id=14372]
  0x0000020ccd025800 GCTaskThread "ParGC Thread#2" [stack: 0x00000072a6f00000,0x00000072a7000000] [id=35196]
  0x0000020ccd026800 GCTaskThread "ParGC Thread#3" [stack: 0x00000072a7000000,0x00000072a7100000] [id=2040]
  0x0000020ccd19b800 GCTaskThread "ParGC Thread#4" [stack: 0x00000072a7400000,0x00000072a7500000] [id=25636]
  0x0000020ccd19c800 GCTaskThread "ParGC Thread#5" [stack: 0x00000072a7500000,0x00000072a7600000] [id=36556]
  0x0000020ccd19d000 GCTaskThread "ParGC Thread#6" [stack: 0x00000072a7600000,0x00000072a7700000] [id=31760]
  0x0000020ccd1ad800 GCTaskThread "ParGC Thread#7" [stack: 0x00000072a7700000,0x00000072a7800000] [id=16848]

Threads with active compile tasks:
C2 CompilerThread0 107414 7911       4       org.eclipse.jdt.internal.core.search.indexing.BinaryIndexer::extractReferenceFromConstantPool (341 bytes)
C2 CompilerThread1 107414 7909 % !   4       org.eclipse.jdt.internal.core.search.indexing.BinaryIndexer::indexDocument @ 585 (1144 bytes)
C2 CompilerThread2 107414 7908       4       org.eclipse.jdt.internal.core.search.indexing.BinaryIndexer::extractType (42 bytes)

VM state:not at safepoint (normal execution)

VM Mutex/Monitor currently owned by a thread: None

Heap address: 0x00000000c0000000, size: 1024 MB, Compressed Oops mode: 32-bit
Narrow klass base: 0x0000000000000000, Narrow klass shift: 3
Compressed class space size: 1073741824 Address: 0x0000000100000000

Heap:
 PSYoungGen      total 44032K, used 35265K [0x00000000eab00000, 0x00000000f3d00000, 0x0000000100000000)
  eden space 26112K, 66% used [0x00000000eab00000,0x00000000ebbf50c8,0x00000000ec480000)
  from space 17920K, 99% used [0x00000000ef480000,0x00000000f05fb640,0x00000000f0600000)
  to   space 49152K, 0% used [0x00000000ec480000,0x00000000ec480000,0x00000000ef480000)
 ParOldGen       total 476672K, used 324058K [0x00000000c0000000, 0x00000000dd180000, 0x00000000eab00000)
  object space 476672K, 67% used [0x00000000c0000000,0x00000000d3c76be0,0x00000000dd180000)
 Metaspace       used 65228K, capacity 68271K, committed 68568K, reserved 1110016K
  class space    used 7409K, capacity 8387K, committed 8448K, reserved 1048576K

Card table byte_map: [0x0000020cafa70000,0x0000020cafc80000] _byte_map_base: 0x0000020caf470000

Marking Bits: (ParMarkBitMap*) 0x00007ffac57270c0
 Begin Bits: [0x0000020cc77a0000, 0x0000020cc87a0000)
 End Bits:   [0x0000020cc87a0000, 0x0000020cc97a0000)

Polling page: 0x0000020cadf00000

Metaspace:

Usage:
  Non-class:     58.48 MB capacity,    56.46 MB ( 97%) used,     1.88 MB (  3%) free+waste,   145.00 KB ( <1%) overhead. 
      Class:      8.19 MB capacity,     7.24 MB ( 88%) used,   909.23 KB ( 11%) free+waste,    68.69 KB ( <1%) overhead. 
       Both:     66.67 MB capacity,    63.70 MB ( 96%) used,     2.76 MB (  4%) free+waste,   213.69 KB ( <1%) overhead. 

Virtual space:
  Non-class space:       60.00 MB reserved,      58.71 MB ( 98%) committed 
      Class space:        1.00 GB reserved,       8.25 MB ( <1%) committed 
             Both:        1.06 GB reserved,      66.96 MB (  6%) committed 

Chunk freelists:
   Non-Class:  44.00 KB
       Class:  29.00 KB
        Both:  73.00 KB

MaxMetaspaceSize: 17179869184.00 GB
CompressedClassSpaceSize: 1.00 GB

CodeHeap 'non-profiled nmethods': size=120000Kb used=6714Kb max_used=6714Kb free=113285Kb
 bounds [0x0000020cc0270000, 0x0000020cc0900000, 0x0000020cc77a0000]
CodeHeap 'profiled nmethods': size=120000Kb used=18569Kb max_used=18569Kb free=101430Kb
 bounds [0x0000020cb8d40000, 0x0000020cb9f70000, 0x0000020cc0270000]
CodeHeap 'non-nmethods': size=5760Kb used=1245Kb max_used=1317Kb free=4514Kb
 bounds [0x0000020cb87a0000, 0x0000020cb8a10000, 0x0000020cb8d40000]
 total_blobs=8442 nmethods=7807 adapters=548
 compilation: enabled
              stopped_count=0, restarted_count=0
 full_count=0

Compilation events (20 events):
Event: 107.081 Thread 0x0000020ccb1dc000 7926       3       java.io.BufferedInputStream::<init> (32 bytes)
Event: 107.082 Thread 0x0000020ccb1dc000 nmethod 7926 0x0000020cb9f55510 code [0x0000020cb9f55700, 0x0000020cb9f55b08]
Event: 107.222 Thread 0x0000020ccb1dc000 7927       3       org.eclipse.core.runtime.SubMonitor$RootInfo::worked (11 bytes)
Event: 107.222 Thread 0x0000020ccb1dc000 nmethod 7927 0x0000020cb9f55c90 code [0x0000020cb9f55e40, 0x0000020cb9f56008]
Event: 107.241 Thread 0x0000020ccb1dc000 7928       3       java.io.BufferedInputStream::close (44 bytes)
Event: 107.241 Thread 0x0000020ccb1dc000 nmethod 7928 0x0000020cb9f56110 code [0x0000020cb9f562e0, 0x0000020cb9f56648]
Event: 107.244 Thread 0x0000020ccb1dc000 7929       2       org.eclipse.jdt.internal.core.search.indexing.AbstractIndexer::addTypeDeclaration (62 bytes)
Event: 107.245 Thread 0x0000020ccb1dc000 nmethod 7929 0x0000020cb9f56710 code [0x0000020cb9f56900, 0x0000020cb9f56bb8]
Event: 107.247 Thread 0x0000020cd17c0000 nmethod 7902 0x0000020cc08f1610 code [0x0000020cc08f1940, 0x0000020cc08f52d0]
Event: 107.247 Thread 0x0000020cd17c0000 7896       4       org.eclipse.jdt.internal.core.search.indexing.AbstractIndexer::addIndexEntry (10 bytes)
Event: 107.259 Thread 0x0000020cd17c0000 nmethod 7896 0x0000020cc08f6f10 code [0x0000020cc08f70e0, 0x0000020cc08f77e8]
Event: 107.259 Thread 0x0000020cd17c0000 7894       4       org.eclipse.jdt.internal.core.search.indexing.BinaryIndexer::addTypeReference (92 bytes)
Event: 107.270 Thread 0x0000020cd17c0000 nmethod 7894 0x0000020cc08f7c10 code [0x0000020cc08f7dc0, 0x0000020cc08f81a8]
Event: 107.270 Thread 0x0000020cd17c0000 7912   !   4       org.eclipse.jdt.internal.core.search.indexing.AbstractIndexer::addMethodDeclaration (42 bytes)
Event: 107.285 Thread 0x0000020cd17c0000 nmethod 7912 0x0000020cc08f8410 code [0x0000020cc08f85e0, 0x0000020cc08f8d78]
Event: 107.285 Thread 0x0000020cd17c0000 7897       4       org.eclipse.jdt.internal.core.search.indexing.AbstractIndexer::addNameReference (9 bytes)
Event: 107.297 Thread 0x0000020ccb1dc000 7931   !   3       org.eclipse.jdt.internal.core.index.DiskIndex::mergeWith (610 bytes)
Event: 107.297 Thread 0x0000020cd17c0000 nmethod 7897 0x0000020cc08f9290 code [0x0000020cc08f9460, 0x0000020cc08f9b48]
Event: 107.298 Thread 0x0000020cd17c0000 7898       4       org.eclipse.jdt.internal.core.search.indexing.AbstractIndexer::addFieldDeclaration (17 bytes)
Event: 107.312 Thread 0x0000020ccb1dc000 nmethod 7931 0x0000020cb9f56e10 code [0x0000020cb9f57920, 0x0000020cb9f5df98]

GC Heap History (20 events):
Event: 98.940 GC heap before
{Heap before GC invocations=83 (full 11):
 PSYoungGen      total 51200K, used 45056K [0x00000000eab00000, 0x00000000ef000000, 0x0000000100000000)
  eden space 45056K, 100% used [0x00000000eab00000,0x00000000ed700000,0x00000000ed700000)
  from space 6144K, 0% used [0x00000000ee800000,0x00000000ee800000,0x00000000eee00000)
  to   space 11776K, 0% used [0x00000000ed700000,0x00000000ed700000,0x00000000ee280000)
 ParOldGen       total 219648K, used 219604K [0x00000000c0000000, 0x00000000cd680000, 0x00000000eab00000)
  object space 219648K, 99% used [0x00000000c0000000,0x00000000cd675258,0x00000000cd680000)
 Metaspace       used 64022K, capacity 66858K, committed 67160K, reserved 1107968K
  class space    used 7249K, capacity 8261K, committed 8320K, reserved 1048576K
}
Event: 100.246 GC heap after
{Heap after GC invocations=83 (full 11):
 PSYoungGen      total 56832K, used 21018K [0x00000000eab00000, 0x00000000eef80000, 0x0000000100000000)
  eden space 45056K, 46% used [0x00000000eab00000,0x00000000ebf86908,0x00000000ed700000)
  from space 11776K, 0% used [0x00000000ed700000,0x00000000ed700000,0x00000000ee280000)
  to   space 6144K, 0% used [0x00000000ee800000,0x00000000ee800000,0x00000000eee00000)
 ParOldGen       total 219648K, used 219521K [0x00000000c0000000, 0x00000000cd680000, 0x00000000eab00000)
  object space 219648K, 99% used [0x00000000c0000000,0x00000000cd660488,0x00000000cd680000)
 Metaspace       used 64022K, capacity 66858K, committed 67160K, reserved 1107968K
  class space    used 7249K, capacity 8261K, committed 8320K, reserved 1048576K
}
Event: 100.613 GC heap before
{Heap before GC invocations=84 (full 12):
 PSYoungGen      total 56832K, used 45056K [0x00000000eab00000, 0x00000000eef80000, 0x0000000100000000)
  eden space 45056K, 100% used [0x00000000eab00000,0x00000000ed700000,0x00000000ed700000)
  from space 11776K, 0% used [0x00000000ed700000,0x00000000ed700000,0x00000000ee280000)
  to   space 6144K, 0% used [0x00000000ee800000,0x00000000ee800000,0x00000000eee00000)
 ParOldGen       total 219648K, used 219521K [0x00000000c0000000, 0x00000000cd680000, 0x00000000eab00000)
  object space 219648K, 99% used [0x00000000c0000000,0x00000000cd660488,0x00000000cd680000)
 Metaspace       used 64243K, capacity 67054K, committed 67160K, reserved 1107968K
  class space    used 7262K, capacity 8261K, committed 8320K, reserved 1048576K
}
Event: 100.984 GC heap after
{Heap after GC invocations=84 (full 12):
 PSYoungGen      total 51200K, used 25281K [0x00000000eab00000, 0x00000000eef80000, 0x0000000100000000)
  eden space 45056K, 56% used [0x00000000eab00000,0x00000000ec3b0728,0x00000000ed700000)
  from space 6144K, 0% used [0x00000000ee800000,0x00000000ee800000,0x00000000eee00000)
  to   space 11776K, 0% used [0x00000000ed700000,0x00000000ed700000,0x00000000ee280000)
 ParOldGen       total 219648K, used 219520K [0x00000000c0000000, 0x00000000cd680000, 0x00000000eab00000)
  object space 219648K, 99% used [0x00000000c0000000,0x00000000cd660010,0x00000000cd680000)
 Metaspace       used 64243K, capacity 67054K, committed 67160K, reserved 1107968K
  class space    used 7262K, capacity 8261K, committed 8320K, reserved 1048576K
}
Event: 101.216 GC heap before
{Heap before GC invocations=85 (full 13):
 PSYoungGen      total 51200K, used 45056K [0x00000000eab00000, 0x00000000eef80000, 0x0000000100000000)
  eden space 45056K, 100% used [0x00000000eab00000,0x00000000ed700000,0x00000000ed700000)
  from space 6144K, 0% used [0x00000000ee800000,0x00000000ee800000,0x00000000eee00000)
  to   space 11776K, 0% used [0x00000000ed700000,0x00000000ed700000,0x00000000ee280000)
 ParOldGen       total 219648K, used 219520K [0x00000000c0000000, 0x00000000cd680000, 0x00000000eab00000)
  object space 219648K, 99% used [0x00000000c0000000,0x00000000cd660010,0x00000000cd680000)
 Metaspace       used 64746K, capacity 67756K, committed 68056K, reserved 1110016K
  class space    used 7329K, capacity 8322K, committed 8448K, reserved 1048576K
}
Event: 101.877 GC heap after
{Heap after GC invocations=85 (full 13):
 PSYoungGen      total 56832K, used 22974K [0x00000000eab00000, 0x00000000eef80000, 0x0000000100000000)
  eden space 45056K, 50% used [0x00000000eab00000,0x00000000ec16f8a8,0x00000000ed700000)
  from space 11776K, 0% used [0x00000000ed700000,0x00000000ed700000,0x00000000ee280000)
  to   space 6144K, 0% used [0x00000000ee800000,0x00000000ee800000,0x00000000eee00000)
 ParOldGen       total 219648K, used 219587K [0x00000000c0000000, 0x00000000cd680000, 0x00000000eab00000)
  object space 219648K, 99% used [0x00000000c0000000,0x00000000cd670e80,0x00000000cd680000)
 Metaspace       used 64744K, capacity 67753K, committed 68056K, reserved 1110016K
  class space    used 7328K, capacity 8321K, committed 8448K, reserved 1048576K
}
Event: 102.220 GC heap before
{Heap before GC invocations=86 (full 14):
 PSYoungGen      total 56832K, used 45056K [0x00000000eab00000, 0x00000000eef80000, 0x0000000100000000)
  eden space 45056K, 100% used [0x00000000eab00000,0x00000000ed700000,0x00000000ed700000)
  from space 11776K, 0% used [0x00000000ed700000,0x00000000ed700000,0x00000000ee280000)
  to   space 6144K, 0% used [0x00000000ee800000,0x00000000ee800000,0x00000000eee00000)
 ParOldGen       total 219648K, used 219587K [0x00000000c0000000, 0x00000000cd680000, 0x00000000eab00000)
  object space 219648K, 99% used [0x00000000c0000000,0x00000000cd670e80,0x00000000cd680000)
 Metaspace       used 65160K, capacity 68207K, committed 68312K, reserved 1110016K
  class space    used 7400K, capacity 8387K, committed 8448K, reserved 1048576K
}
Event: 102.809 GC heap after
{Heap after GC invocations=86 (full 14):
 PSYoungGen      total 51200K, used 27092K [0x00000000eab00000, 0x00000000eef80000, 0x0000000100000000)
  eden space 45056K, 60% used [0x00000000eab00000,0x00000000ec575318,0x00000000ed700000)
  from space 6144K, 0% used [0x00000000ee800000,0x00000000ee800000,0x00000000eee00000)
  to   space 11776K, 0% used [0x00000000ed700000,0x00000000ed700000,0x00000000ee280000)
 ParOldGen       total 476672K, used 219575K [0x00000000c0000000, 0x00000000dd180000, 0x00000000eab00000)
  object space 476672K, 46% used [0x00000000c0000000,0x00000000cd66de18,0x00000000dd180000)
 Metaspace       used 65160K, capacity 68207K, committed 68312K, reserved 1110016K
  class space    used 7400K, capacity 8387K, committed 8448K, reserved 1048576K
}
Event: 102.911 GC heap before
{Heap before GC invocations=87 (full 14):
 PSYoungGen      total 51200K, used 45056K [0x00000000eab00000, 0x00000000eef80000, 0x0000000100000000)
  eden space 45056K, 100% used [0x00000000eab00000,0x00000000ed700000,0x00000000ed700000)
  from space 6144K, 0% used [0x00000000ee800000,0x00000000ee800000,0x00000000eee00000)
  to   space 11776K, 0% used [0x00000000ed700000,0x00000000ed700000,0x00000000ee280000)
 ParOldGen       total 476672K, used 219575K [0x00000000c0000000, 0x00000000dd180000, 0x00000000eab00000)
  object space 476672K, 46% used [0x00000000c0000000,0x00000000cd66de18,0x00000000dd180000)
 Metaspace       used 65160K, capacity 68207K, committed 68312K, reserved 1110016K
  class space    used 7400K, capacity 8387K, committed 8448K, reserved 1048576K
}
Event: 102.976 GC heap after
{Heap after GC invocations=87 (full 14):
 PSYoungGen      total 56832K, used 11753K [0x00000000eab00000, 0x00000000f2000000, 0x0000000100000000)
  eden space 45056K, 0% used [0x00000000eab00000,0x00000000eab00000,0x00000000ed700000)
  from space 11776K, 99% used [0x00000000ed700000,0x00000000ee27a588,0x00000000ee280000)
  to   space 36864K, 0% used [0x00000000efc00000,0x00000000efc00000,0x00000000f2000000)
 ParOldGen       total 476672K, used 240058K [0x00000000c0000000, 0x00000000dd180000, 0x00000000eab00000)
  object space 476672K, 50% used [0x00000000c0000000,0x00000000cea6e8e8,0x00000000dd180000)
 Metaspace       used 65160K, capacity 68207K, committed 68312K, reserved 1110016K
  class space    used 7400K, capacity 8387K, committed 8448K, reserved 1048576K
}
Event: 103.196 GC heap before
{Heap before GC invocations=88 (full 14):
 PSYoungGen      total 56832K, used 56809K [0x00000000eab00000, 0x00000000f2000000, 0x0000000100000000)
  eden space 45056K, 100% used [0x00000000eab00000,0x00000000ed700000,0x00000000ed700000)
  from space 11776K, 99% used [0x00000000ed700000,0x00000000ee27a588,0x00000000ee280000)
  to   space 36864K, 0% used [0x00000000efc00000,0x00000000efc00000,0x00000000f2000000)
 ParOldGen       total 476672K, used 240058K [0x00000000c0000000, 0x00000000dd180000, 0x00000000eab00000)
  object space 476672K, 50% used [0x00000000c0000000,0x00000000cea6e8e8,0x00000000dd180000)
 Metaspace       used 65160K, capacity 68207K, committed 68312K, reserved 1110016K
  class space    used 7400K, capacity 8387K, committed 8448K, reserved 1048576K
}
Event: 103.215 GC heap after
{Heap after GC invocations=88 (full 14):
 PSYoungGen      total 56832K, used 10282K [0x00000000eab00000, 0x00000000f0680000, 0x0000000100000000)
  eden space 46080K, 0% used [0x00000000eab00000,0x00000000eab00000,0x00000000ed800000)
  from space 10752K, 95% used [0x00000000efc00000,0x00000000f060aae0,0x00000000f0680000)
  to   space 18432K, 0% used [0x00000000ee280000,0x00000000ee280000,0x00000000ef480000)
 ParOldGen       total 476672K, used 251639K [0x00000000c0000000, 0x00000000dd180000, 0x00000000eab00000)
  object space 476672K, 52% used [0x00000000c0000000,0x00000000cf5bddd0,0x00000000dd180000)
 Metaspace       used 65160K, capacity 68207K, committed 68312K, reserved 1110016K
  class space    used 7400K, capacity 8387K, committed 8448K, reserved 1048576K
}
Event: 103.350 GC heap before
{Heap before GC invocations=89 (full 14):
 PSYoungGen      total 56832K, used 56362K [0x00000000eab00000, 0x00000000f0680000, 0x0000000100000000)
  eden space 46080K, 100% used [0x00000000eab00000,0x00000000ed800000,0x00000000ed800000)
  from space 10752K, 95% used [0x00000000efc00000,0x00000000f060aae0,0x00000000f0680000)
  to   space 18432K, 0% used [0x00000000ee280000,0x00000000ee280000,0x00000000ef480000)
 ParOldGen       total 476672K, used 251639K [0x00000000c0000000, 0x00000000dd180000, 0x00000000eab00000)
  object space 476672K, 52% used [0x00000000c0000000,0x00000000cf5bddd0,0x00000000dd180000)
 Metaspace       used 65160K, capacity 68207K, committed 68312K, reserved 1110016K
  class space    used 7400K, capacity 8387K, committed 8448K, reserved 1048576K
}
Event: 103.371 GC heap after
{Heap after GC invocations=89 (full 14):
 PSYoungGen      total 66048K, used 18405K [0x00000000eab00000, 0x00000000f0a80000, 0x0000000100000000)
  eden space 47616K, 0% used [0x00000000eab00000,0x00000000eab00000,0x00000000ed980000)
  from space 18432K, 99% used [0x00000000ee280000,0x00000000ef4796a8,0x00000000ef480000)
  to   space 22528K, 0% used [0x00000000ef480000,0x00000000ef480000,0x00000000f0a80000)
 ParOldGen       total 476672K, used 255600K [0x00000000c0000000, 0x00000000dd180000, 0x00000000eab00000)
  object space 476672K, 53% used [0x00000000c0000000,0x00000000cf99c090,0x00000000dd180000)
 Metaspace       used 65160K, capacity 68207K, committed 68312K, reserved 1110016K
  class space    used 7400K, capacity 8387K, committed 8448K, reserved 1048576K
}
Event: 103.437 GC heap before
{Heap before GC invocations=90 (full 14):
 PSYoungGen      total 66048K, used 66021K [0x00000000eab00000, 0x00000000f0a80000, 0x0000000100000000)
  eden space 47616K, 100% used [0x00000000eab00000,0x00000000ed980000,0x00000000ed980000)
  from space 18432K, 99% used [0x00000000ee280000,0x00000000ef4796a8,0x00000000ef480000)
  to   space 22528K, 0% used [0x00000000ef480000,0x00000000ef480000,0x00000000f0a80000)
 ParOldGen       total 476672K, used 255600K [0x00000000c0000000, 0x00000000dd180000, 0x00000000eab00000)
  object space 476672K, 53% used [0x00000000c0000000,0x00000000cf99c090,0x00000000dd180000)
 Metaspace       used 65160K, capacity 68207K, committed 68312K, reserved 1110016K
  class space    used 7400K, capacity 8387K, committed 8448K, reserved 1048576K
}
Event: 103.463 GC heap after
{Heap after GC invocations=90 (full 14):
 PSYoungGen      total 67584K, used 17724K [0x00000000eab00000, 0x00000000f0600000, 0x0000000100000000)
  eden space 49664K, 0% used [0x00000000eab00000,0x00000000eab00000,0x00000000edb80000)
  from space 17920K, 98% used [0x00000000ef480000,0x00000000f05cf120,0x00000000f0600000)
  to   space 19456K, 0% used [0x00000000ee000000,0x00000000ee000000,0x00000000ef300000)
 ParOldGen       total 476672K, used 273742K [0x00000000c0000000, 0x00000000dd180000, 0x00000000eab00000)
  object space 476672K, 57% used [0x00000000c0000000,0x00000000d0b538b8,0x00000000dd180000)
 Metaspace       used 65160K, capacity 68207K, committed 68312K, reserved 1110016K
  class space    used 7400K, capacity 8387K, committed 8448K, reserved 1048576K
}
Event: 104.301 GC heap before
{Heap before GC invocations=91 (full 14):
 PSYoungGen      total 67584K, used 66721K [0x00000000eab00000, 0x00000000f0600000, 0x0000000100000000)
  eden space 49664K, 98% used [0x00000000eab00000,0x00000000edad94f0,0x00000000edb80000)
  from space 17920K, 98% used [0x00000000ef480000,0x00000000f05cf120,0x00000000f0600000)
  to   space 19456K, 0% used [0x00000000ee000000,0x00000000ee000000,0x00000000ef300000)
 ParOldGen       total 476672K, used 273742K [0x00000000c0000000, 0x00000000dd180000, 0x00000000eab00000)
  object space 476672K, 57% used [0x00000000c0000000,0x00000000d0b538b8,0x00000000dd180000)
 Metaspace       used 65173K, capacity 68207K, committed 68312K, reserved 1110016K
  class space    used 7401K, capacity 8387K, committed 8448K, reserved 1048576K
}
Event: 104.337 GC heap after
{Heap after GC invocations=91 (full 14):
 PSYoungGen      total 69120K, used 19455K [0x00000000eab00000, 0x00000000f0600000, 0x0000000100000000)
  eden space 49664K, 0% used [0x00000000eab00000,0x00000000eab00000,0x00000000edb80000)
  from space 19456K, 99% used [0x00000000ee000000,0x00000000ef2ffc68,0x00000000ef300000)
  to   space 17920K, 0% used [0x00000000ef480000,0x00000000ef480000,0x00000000f0600000)
 ParOldGen       total 476672K, used 294916K [0x00000000c0000000, 0x00000000dd180000, 0x00000000eab00000)
  object space 476672K, 61% used [0x00000000c0000000,0x00000000d2001230,0x00000000dd180000)
 Metaspace       used 65173K, capacity 68207K, committed 68312K, reserved 1110016K
  class space    used 7401K, capacity 8387K, committed 8448K, reserved 1048576K
}
Event: 107.108 GC heap before
{Heap before GC invocations=92 (full 14):
 PSYoungGen      total 69120K, used 69119K [0x00000000eab00000, 0x00000000f0600000, 0x0000000100000000)
  eden space 49664K, 100% used [0x00000000eab00000,0x00000000edb80000,0x00000000edb80000)
  from space 19456K, 99% used [0x00000000ee000000,0x00000000ef2ffc68,0x00000000ef300000)
  to   space 17920K, 0% used [0x00000000ef480000,0x00000000ef480000,0x00000000f0600000)
 ParOldGen       total 476672K, used 294916K [0x00000000c0000000, 0x00000000dd180000, 0x00000000eab00000)
  object space 476672K, 61% used [0x00000000c0000000,0x00000000d2001230,0x00000000dd180000)
 Metaspace       used 65227K, capacity 68271K, committed 68568K, reserved 1110016K
  class space    used 7409K, capacity 8387K, committed 8448K, reserved 1048576K
}
Event: 107.185 GC heap after
{Heap after GC invocations=92 (full 14):
 PSYoungGen      total 44032K, used 17901K [0x00000000eab00000, 0x00000000f3d00000, 0x0000000100000000)
  eden space 26112K, 0% used [0x00000000eab00000,0x00000000eab00000,0x00000000ec480000)
  from space 17920K, 99% used [0x00000000ef480000,0x00000000f05fb640,0x00000000f0600000)
  to   space 49152K, 0% used [0x00000000ec480000,0x00000000ec480000,0x00000000ef480000)
 ParOldGen       total 476672K, used 324058K [0x00000000c0000000, 0x00000000dd180000, 0x00000000eab00000)
  object space 476672K, 67% used [0x00000000c0000000,0x00000000d3c76be0,0x00000000dd180000)
 Metaspace       used 65227K, capacity 68271K, committed 68568K, reserved 1110016K
  class space    used 7409K, capacity 8387K, committed 8448K, reserved 1048576K
}

Deoptimization events (20 events):
Event: 106.661 Thread 0x0000020ccd384800 DEOPT PACKING pc=0x0000020cc0899470 sp=0x00000072a7aff0e0
Event: 106.661 Thread 0x0000020ccd384800 DEOPT UNPACKING pc=0x0000020cb87c70af sp=0x00000072a7aff088 mode 2
Event: 106.724 Thread 0x0000020ccd384800 Uncommon trap: trap_request=0xffffff4d fr.pc=0x0000020cc07b5040 relative=0x0000000000000d40
Event: 106.724 Thread 0x0000020ccd384800 Uncommon trap: reason=unstable_if action=reinterpret pc=0x0000020cc07b5040 method=org.eclipse.jdt.internal.core.search.JavaSearchParticipant.indexDocument(Lorg/eclipse/jdt/core/search/SearchDocument;Lorg/eclipse/core/runtime/IPath;)V @ 42 c2
Event: 106.724 Thread 0x0000020ccd384800 DEOPT PACKING pc=0x0000020cc07b5040 sp=0x00000072a7aff210
Event: 106.724 Thread 0x0000020ccd384800 DEOPT UNPACKING pc=0x0000020cb87c70af sp=0x00000072a7aff208 mode 2
Event: 107.017 Thread 0x0000020ccd384800 Uncommon trap: trap_request=0xffffff4d fr.pc=0x0000020cc08bc2e8 relative=0x00000000000002a8
Event: 107.017 Thread 0x0000020ccd384800 Uncommon trap: reason=unstable_if action=reinterpret pc=0x0000020cc08bc2e8 method=org.eclipse.jdt.internal.core.index.DiskIndex.computeDocumentNames([Ljava/lang/String;[ILorg/eclipse/jdt/internal/compiler/util/SimpleLookupTable;Lorg/eclipse/jdt/internal/c
Event: 107.017 Thread 0x0000020ccd384800 DEOPT PACKING pc=0x0000020cc08bc2e8 sp=0x00000072a7aff0d0
Event: 107.017 Thread 0x0000020ccd384800 DEOPT UNPACKING pc=0x0000020cb87c70af sp=0x00000072a7aff060 mode 2
Event: 107.020 Thread 0x0000020ccd384800 DEOPT PACKING pc=0x0000020cb9eff426 sp=0x00000072a7afefc0
Event: 107.020 Thread 0x0000020ccd384800 DEOPT UNPACKING pc=0x0000020cb87c6ece sp=0x00000072a7afe538 mode 0
Event: 107.022 Thread 0x0000020ccd384800 Uncommon trap: trap_request=0xffffff4d fr.pc=0x0000020cc08c4418 relative=0x0000000000001af8
Event: 107.022 Thread 0x0000020ccd384800 Uncommon trap: reason=unstable_if action=reinterpret pc=0x0000020cc08c4418 method=org.eclipse.jdt.internal.core.index.DiskIndex.writeAllDocumentNames([Ljava/lang/String;Ljava/io/FileOutputStream;)V @ 163 c2
Event: 107.022 Thread 0x0000020ccd384800 DEOPT PACKING pc=0x0000020cc08c4418 sp=0x00000072a7aff080
Event: 107.022 Thread 0x0000020ccd384800 DEOPT UNPACKING pc=0x0000020cb87c70af sp=0x00000072a7aff048 mode 2
Event: 107.030 Thread 0x0000020ccd384800 Uncommon trap: trap_request=0xffffff4d fr.pc=0x0000020cc08dd5cc relative=0x000000000000152c
Event: 107.030 Thread 0x0000020ccd384800 Uncommon trap: reason=unstable_if action=reinterpret pc=0x0000020cc08dd5cc method=org.eclipse.jdt.internal.core.index.DiskIndex.writeDocumentNumbers([ILjava/io/FileOutputStream;)V @ 20 c2
Event: 107.030 Thread 0x0000020ccd384800 DEOPT PACKING pc=0x0000020cc08dd5cc sp=0x00000072a7afeef0
Event: 107.030 Thread 0x0000020ccd384800 DEOPT UNPACKING pc=0x0000020cb87c70af sp=0x00000072a7afef48 mode 2

Classes redefined (0 events):
No events

Internal exceptions (20 events):
Event: 97.474 Thread 0x0000020ccd38a000 Exception <a 'sun/nio/fs/WindowsException'{0x00000000ec2abe20}> (0x00000000ec2abe20) thrown at [./src/hotspot/share/prims/jni.cpp, line 615]
Event: 97.496 Thread 0x0000020ccd38a000 Exception <a 'sun/nio/fs/WindowsException'{0x00000000ec2b6528}> (0x00000000ec2b6528) thrown at [./src/hotspot/share/prims/jni.cpp, line 615]
Event: 97.688 Thread 0x0000020ccd38a000 Exception <a 'sun/nio/fs/WindowsException'{0x00000000ec355f18}> (0x00000000ec355f18) thrown at [./src/hotspot/share/prims/jni.cpp, line 615]
Event: 97.720 Thread 0x0000020ccd38a000 Exception <a 'sun/nio/fs/WindowsException'{0x00000000ec362ed0}> (0x00000000ec362ed0) thrown at [./src/hotspot/share/prims/jni.cpp, line 615]
Event: 98.574 Thread 0x0000020ccd38a000 Exception <a 'sun/nio/fs/WindowsException'{0x00000000ebfef740}> (0x00000000ebfef740) thrown at [./src/hotspot/share/prims/jni.cpp, line 615]
Event: 98.588 Thread 0x0000020ccd38a000 Exception <a 'sun/nio/fs/WindowsException'{0x00000000ebffd570}> (0x00000000ebffd570) thrown at [./src/hotspot/share/prims/jni.cpp, line 615]
Event: 98.597 Thread 0x0000020ccd38a000 Exception <a 'sun/nio/fs/WindowsException'{0x00000000ec0013c0}> (0x00000000ec0013c0) thrown at [./src/hotspot/share/prims/jni.cpp, line 615]
Event: 98.638 Thread 0x0000020ccd38a000 Exception <a 'sun/nio/fs/WindowsException'{0x00000000ec0b0ae0}> (0x00000000ec0b0ae0) thrown at [./src/hotspot/share/prims/jni.cpp, line 615]
Event: 98.642 Thread 0x0000020ccd38a000 Exception <a 'sun/nio/fs/WindowsException'{0x00000000ec0b5ac0}> (0x00000000ec0b5ac0) thrown at [./src/hotspot/share/prims/jni.cpp, line 615]
Event: 98.672 Thread 0x0000020ccd38a000 Exception <a 'java/lang/ArrayIndexOutOfBoundsException'{0x00000000ec509e98}> (0x00000000ec509e98) thrown at [./src/hotspot/share/runtime/sharedRuntime.cpp, line 584]
Event: 98.904 Thread 0x0000020ccd38a000 Exception <a 'java/lang/ArrayIndexOutOfBoundsException'{0x00000000ed32ff30}> (0x00000000ed32ff30) thrown at [./src/hotspot/share/runtime/sharedRuntime.cpp, line 584]
Event: 100.253 Thread 0x0000020ccd38a000 Exception <a 'java/lang/ArrayIndexOutOfBoundsException'{0x00000000ebfac900}> (0x00000000ebfac900) thrown at [./src/hotspot/share/runtime/sharedRuntime.cpp, line 584]
Event: 100.440 Thread 0x0000020ccd38a000 Exception <a 'sun/nio/fs/WindowsException'{0x00000000ec069b78}> (0x00000000ec069b78) thrown at [./src/hotspot/share/prims/jni.cpp, line 615]
Event: 100.608 Thread 0x0000020ccd38a000 Exception <a 'sun/nio/fs/WindowsException'{0x00000000ed659a30}> (0x00000000ed659a30) thrown at [./src/hotspot/share/prims/jni.cpp, line 615]
Event: 101.140 Thread 0x0000020ccd13c000 Exception <a 'java/lang/ArrayIndexOutOfBoundsException'{0x00000000ed1ec360}> (0x00000000ed1ec360) thrown at [./src/hotspot/share/runtime/sharedRuntime.cpp, line 584]
Event: 101.983 Thread 0x0000020ccd13c000 Exception <a 'java/lang/ArrayIndexOutOfBoundsException'{0x00000000ecbeb9d0}> (0x00000000ecbeb9d0) thrown at [./src/hotspot/share/runtime/sharedRuntime.cpp, line 584]
Event: 102.050 Thread 0x0000020ccd13c000 Exception <a 'java/lang/ArrayIndexOutOfBoundsException'{0x00000000eced1a40}> (0x00000000eced1a40) thrown at [./src/hotspot/share/runtime/sharedRuntime.cpp, line 584]
Event: 102.084 Thread 0x0000020ccd13c000 Exception <a 'java/lang/ArrayIndexOutOfBoundsException'{0x00000000ecfee848}> (0x00000000ecfee848) thrown at [./src/hotspot/share/runtime/sharedRuntime.cpp, line 584]
Event: 102.103 Thread 0x0000020ccd13c000 Exception <a 'java/lang/ArrayIndexOutOfBoundsException'{0x00000000ed110218}> (0x00000000ed110218) thrown at [./src/hotspot/share/runtime/sharedRuntime.cpp, line 584]
Event: 102.158 Thread 0x0000020ccd13c000 Exception <a 'java/lang/ArrayIndexOutOfBoundsException'{0x00000000ed31de50}> (0x00000000ed31de50) thrown at [./src/hotspot/share/runtime/sharedRuntime.cpp, line 584]

Events (20 events):
Event: 102.980 Thread 0x0000020cdb16c000 Thread exited: 0x0000020cdb16c000
Event: 103.196 Executing VM operation: ParallelGCFailedAllocation
Event: 103.215 Executing VM operation: ParallelGCFailedAllocation done
Event: 103.350 Executing VM operation: ParallelGCFailedAllocation
Event: 103.371 Executing VM operation: ParallelGCFailedAllocation done
Event: 103.437 Executing VM operation: ParallelGCFailedAllocation
Event: 103.463 Executing VM operation: ParallelGCFailedAllocation done
Event: 103.528 Thread 0x0000020cd17c0000 Thread exited: 0x0000020cd17c0000
Event: 103.643 Thread 0x0000020ccf729800 Thread added: 0x0000020ccf729800
Event: 104.301 Executing VM operation: ParallelGCFailedAllocation
Event: 104.337 Executing VM operation: ParallelGCFailedAllocation done
Event: 105.140 Thread 0x0000020ccf729800 Thread exited: 0x0000020ccf729800
Event: 105.197 Thread 0x0000020ccf729800 Thread added: 0x0000020ccf729800
Event: 106.605 Thread 0x0000020ccf729800 Thread exited: 0x0000020ccf729800
Event: 106.662 Thread 0x0000020ccf729800 Thread added: 0x0000020ccf729800
Event: 106.724 Executing VM operation: Deoptimize
Event: 106.725 Executing VM operation: Deoptimize done
Event: 106.933 Thread 0x0000020cd17c0000 Thread added: 0x0000020cd17c0000
Event: 107.108 Executing VM operation: ParallelGCFailedAllocation
Event: 107.186 Executing VM operation: ParallelGCFailedAllocation done


Dynamic libraries:
0x00007ff673900000 - 0x00007ff67390d000 	D:\CMPE 172\bin\java.exe
0x00007ffb0b9f0000 - 0x00007ffb0bbe6000 	C:\WINDOWS\SYSTEM32\ntdll.dll
0x00007ffb0ab80000 - 0x00007ffb0ac3d000 	C:\WINDOWS\System32\KERNEL32.DLL
0x00007ffb09440000 - 0x00007ffb09709000 	C:\WINDOWS\System32\KERNELBASE.dll
0x00007ffaf88e0000 - 0x00007ffaf88f5000 	D:\CMPE 172\bin\VCRUNTIME140.dll
0x00007ffb098f0000 - 0x00007ffb099f0000 	C:\WINDOWS\System32\ucrtbase.dll
0x00007ffaf7110000 - 0x00007ffaf7127000 	D:\CMPE 172\bin\jli.dll
0x00007ffb0b770000 - 0x00007ffb0b910000 	C:\WINDOWS\System32\USER32.dll
0x00007ffaf75b0000 - 0x00007ffaf784b000 	C:\WINDOWS\WinSxS\amd64_microsoft.windows.common-controls_6595b64144ccf1df_6.0.19041.746_none_ca02b4b61b8320a4\COMCTL32.dll
0x00007ffb09410000 - 0x00007ffb09432000 	C:\WINDOWS\System32\win32u.dll
0x00007ffb0b910000 - 0x00007ffb0b9ae000 	C:\WINDOWS\System32\msvcrt.dll
0x00007ffb0b4c0000 - 0x00007ffb0b4ea000 	C:\WINDOWS\System32\GDI32.dll
0x00007ffb09130000 - 0x00007ffb0923b000 	C:\WINDOWS\System32\gdi32full.dll
0x00007ffb09370000 - 0x00007ffb0940d000 	C:\WINDOWS\System32\msvcp_win.dll
0x00007ffb0b600000 - 0x00007ffb0b630000 	C:\WINDOWS\System32\IMM32.DLL
0x00007ffae5e80000 - 0x00007ffae5f1b000 	D:\CMPE 172\bin\msvcp140.dll
0x00007ffac4ca0000 - 0x00007ffac57e3000 	D:\CMPE 172\bin\server\jvm.dll
0x00007ffb0b4f0000 - 0x00007ffb0b59c000 	C:\WINDOWS\System32\ADVAPI32.dll
0x00007ffb0aa80000 - 0x00007ffb0ab1c000 	C:\WINDOWS\System32\sechost.dll
0x00007ffb0ac50000 - 0x00007ffb0ad7b000 	C:\WINDOWS\System32\RPCRT4.dll
0x00007ffb0ac40000 - 0x00007ffb0ac48000 	C:\WINDOWS\System32\PSAPI.DLL
0x00007ffaf9450000 - 0x00007ffaf945a000 	C:\WINDOWS\SYSTEM32\VERSION.dll
0x00007ffaf7c30000 - 0x00007ffaf7c57000 	C:\WINDOWS\SYSTEM32\WINMM.dll
0x00007ffaf4050000 - 0x00007ffaf4059000 	C:\WINDOWS\SYSTEM32\WSOCK32.dll
0x00007ffb0ae10000 - 0x00007ffb0ae7b000 	C:\WINDOWS\System32\WS2_32.dll
0x00007ffb07230000 - 0x00007ffb07242000 	C:\WINDOWS\SYSTEM32\kernel.appcore.dll
0x00007ffb065c0000 - 0x00007ffb065d0000 	D:\CMPE 172\bin\verify.dll
0x00007ffb06db0000 - 0x00007ffb06f94000 	C:\WINDOWS\SYSTEM32\DBGHELP.DLL
0x00007ffae7360000 - 0x00007ffae738c000 	C:\WINDOWS\SYSTEM32\dbgcore.DLL
0x00007ffb09870000 - 0x00007ffb098f0000 	C:\WINDOWS\System32\bcryptPrimitives.dll
0x00007ffaf6650000 - 0x00007ffaf6678000 	D:\CMPE 172\bin\java.dll
0x00007ffb019f0000 - 0x00007ffb019fa000 	D:\CMPE 172\bin\jimage.dll
0x00007ffaf6630000 - 0x00007ffaf6647000 	D:\CMPE 172\bin\zip.dll
0x00007ffb0a0b0000 - 0x00007ffb0a7f3000 	C:\WINDOWS\System32\SHELL32.dll
0x00007ffb07250000 - 0x00007ffb079df000 	C:\WINDOWS\SYSTEM32\windows.storage.dll
0x00007ffb09b70000 - 0x00007ffb09ec6000 	C:\WINDOWS\System32\combase.dll
0x00007ffb08b90000 - 0x00007ffb08bbc000 	C:\WINDOWS\SYSTEM32\Wldp.dll
0x00007ffb0a000000 - 0x00007ffb0a0ae000 	C:\WINDOWS\System32\SHCORE.dll
0x00007ffb0ae80000 - 0x00007ffb0aed5000 	C:\WINDOWS\System32\shlwapi.dll
0x00007ffb09060000 - 0x00007ffb09086000 	C:\WINDOWS\SYSTEM32\profapi.dll
0x00007ffaf65b0000 - 0x00007ffaf65c9000 	D:\CMPE 172\bin\net.dll
0x00007ffaf9460000 - 0x00007ffaf9560000 	C:\WINDOWS\SYSTEM32\WINHTTP.dll
0x00007ffb088c0000 - 0x00007ffb0892a000 	C:\WINDOWS\system32\mswsock.dll
0x00007ffaf6590000 - 0x00007ffaf65a2000 	D:\CMPE 172\bin\nio.dll
0x00007ffb08a60000 - 0x00007ffb08a78000 	C:\WINDOWS\SYSTEM32\CRYPTSP.dll
0x00007ffb081a0000 - 0x00007ffb081d4000 	C:\WINDOWS\system32\rsaenh.dll
0x00007ffb09290000 - 0x00007ffb092b7000 	C:\WINDOWS\System32\bcrypt.dll
0x00007ffb08fe0000 - 0x00007ffb0900e000 	C:\WINDOWS\SYSTEM32\USERENV.dll
0x00007ffb08a80000 - 0x00007ffb08a8c000 	C:\WINDOWS\SYSTEM32\CRYPTBASE.dll
0x00007ffb08550000 - 0x00007ffb0858b000 	C:\WINDOWS\SYSTEM32\IPHLPAPI.DLL
0x00007ffb0b4a0000 - 0x00007ffb0b4a8000 	C:\WINDOWS\System32\NSI.dll
0x00007ffb007d0000 - 0x00007ffb007e7000 	C:\WINDOWS\SYSTEM32\dhcpcsvc6.DLL
0x00007ffb00af0000 - 0x00007ffb00b0d000 	C:\WINDOWS\SYSTEM32\dhcpcsvc.DLL
0x00007ffb08590000 - 0x00007ffb0865b000 	C:\WINDOWS\SYSTEM32\DNSAPI.dll
0x00007ffaf5bd0000 - 0x00007ffaf5bfa000 	C:\Users\jclee\AppData\Roaming\Code\User\globalStorage\redhat.java\0.75.0\config_win\org.eclipse.equinox.launcher\org.eclipse.equinox.launcher.win32.win32.x86_64_1.2.0.v20200915-1442\eclipse_11100.dll
0x00007ffaf6570000 - 0x00007ffaf6581000 	C:\Users\jclee\AppData\Roaming\Code\User\globalStorage\redhat.java\0.75.0\config_win\org.eclipse.osgi\23\0\.cp\jWinHttp-1.0.0.dll
0x00007ffb09ed0000 - 0x00007ffb09ffa000 	C:\WINDOWS\System32\ole32.dll
0x00007ffaf5ba0000 - 0x00007ffaf5bc7000 	C:\Users\jclee\.gradle\native\fdc75f09e3144964f2cf3f50f0aa648679c211496f362492102eb8c894070792\windows-amd64\native-platform.dll
0x00007ffac9900000 - 0x00007ffac9a96000 	C:\Users\jclee\.gradle\native\12488b8bf47d2d4c9fbf2f6322a914ad602e24e48041cd04a747c6da556b65c4\windows-amd64\native-platform-file-events.dll
0x00007ffb00de0000 - 0x00007ffb00de9000 	D:\CMPE 172\bin\management.dll
0x00007ffb00910000 - 0x00007ffb0091b000 	D:\CMPE 172\bin\management_ext.dll
0x00007ffb01ab0000 - 0x00007ffb01abb000 	C:\WINDOWS\SYSTEM32\WINNSI.DLL

dbghelp: loaded successfully - version: 4.0.5 - missing functions: none
symbol engine: initialized successfully - sym options: 0x614 - pdb path: .;D:\CMPE 172\bin;C:\WINDOWS\SYSTEM32;C:\WINDOWS\WinSxS\amd64_microsoft.windows.common-controls_6595b64144ccf1df_6.0.19041.746_none_ca02b4b61b8320a4;D:\CMPE 172\bin\server;C:\Users\jclee\AppData\Roaming\Code\User\globalStorage\redhat.java\0.75.0\config_win\org.eclipse.equinox.launcher\org.eclipse.equinox.launcher.win32.win32.x86_64_1.2.0.v20200915-1442;C:\Users\jclee\AppData\Roaming\Code\User\globalStorage\redhat.java\0.75.0\config_win\org.eclipse.osgi\23\0\.cp;C:\Users\jclee\.gradle\native\fdc75f09e3144964f2cf3f50f0aa648679c211496f362492102eb8c894070792\windows-amd64;C:\Users\jclee\.gradle\native\12488b8bf47d2d4c9fbf2f6322a914ad602e24e48041cd04a747c6da556b65c4\windows-amd64

VM Arguments:
jvm_args: --add-modules=ALL-SYSTEM --add-opens=java.base/java.util=ALL-UNNAMED --add-opens=java.base/java.lang=ALL-UNNAMED -Declipse.application=org.eclipse.jdt.ls.core.id1 -Dosgi.bundles.defaultStartLevel=4 -Declipse.product=org.eclipse.jdt.ls.core.product -Dfile.encoding=utf8 -DwatchParentProcess=false -XX:+UseParallelGC -XX:GCTimeRatio=4 -XX:AdaptiveSizePolicyWeight=90 -Dsun.zip.disableMemoryMapping=true -Xmx1G -Xms100m -Xverify:none 
java_command: c:\Users\jclee\.vscode\extensions\redhat.java-0.75.0\server\plugins\org.eclipse.equinox.launcher_1.6.0.v20200915-1508.jar -configuration c:\Users\jclee\AppData\Roaming\Code\User\globalStorage\redhat.java\0.75.0\config_win -data c:\Users\jclee\AppData\Roaming\Code\User\workspaceStorage\3a7b7bb965c1242a4f2413dab2208033\redhat.java\jdt_ws
java_class_path (initial): c:\Users\jclee\.vscode\extensions\redhat.java-0.75.0\server\plugins\org.eclipse.equinox.launcher_1.6.0.v20200915-1508.jar
Launcher Type: SUN_STANDARD

[Global flags]
    uintx AdaptiveSizePolicyWeight                 = 90                                        {product} {command line}
     bool BytecodeVerificationLocal                = false                                     {product} {command line}
     bool BytecodeVerificationRemote               = false                                     {product} {command line}
     intx CICompilerCount                          = 4                                         {product} {ergonomic}
    uintx GCTimeRatio                              = 4                                         {product} {command line}
   size_t InitialHeapSize                          = 104857600                                 {product} {command line}
   size_t MaxHeapSize                              = 1073741824                                {product} {command line}
   size_t MaxNewSize                               = 357564416                                 {product} {ergonomic}
   size_t MinHeapDeltaBytes                        = 524288                                    {product} {ergonomic}
   size_t NewSize                                  = 34603008                                  {product} {ergonomic}
    uintx NonNMethodCodeHeapSize                   = 5836300                                {pd product} {ergonomic}
    uintx NonProfiledCodeHeapSize                  = 122910970                              {pd product} {ergonomic}
   size_t OldSize                                  = 70254592                                  {product} {ergonomic}
    uintx ProfiledCodeHeapSize                     = 122910970                              {pd product} {ergonomic}
    uintx ReservedCodeCacheSize                    = 251658240                              {pd product} {ergonomic}
     bool SegmentedCodeCache                       = true                                      {product} {ergonomic}
     bool UseCompressedClassPointers               = true                                 {lp64_product} {ergonomic}
     bool UseCompressedOops                        = true                                 {lp64_product} {ergonomic}
     bool UseLargePagesIndividualAllocation        = false                                  {pd product} {ergonomic}
     bool UseParallelGC                            = true                                      {product} {command line}

Logging:
Log output configuration:
 #0: stdout all=warning uptime,level,tags
 #1: stderr all=off uptime,level,tags

Environment Variables:
PATH=D:\CMPE 172\bin;C:\Program Files (x86)\Razer\ChromaBroadcast\bin;C:\Program Files\Razer\ChromaBroadcast\bin;C:\Program Files (x86)\Intel\iCLS Client\;C:\Program Files (x86)\Common Files\Oracle\Java\javapath;C:\Program Files\Intel\iCLS Client\;C:\Windows\system32;C:\Windows;C:\Windows\System32\Wbem;C:\Windows\System32\WindowsPowerShell\v1.0\;C:\Program Files\Microsoft SQL Server\Client SDK\ODBC\110\Tools\Binn\;C:\Program Files (x86)\Microsoft SQL Server\120\Tools\Binn\;C:\Program Files\Microsoft SQL Server\120\Tools\Binn\;C:\Program Files\Microsoft SQL Server\120\DTS\Binn\;C:\Program Files (x86)\Windows Kits\8.1\Windows Performance Toolkit\;C:\WINDOWS\system32;C:\WINDOWS;C:\WINDOWS\System32\Wbem;C:\WINDOWS\System32\WindowsPowerShell\v1.0\;C:\Program Files\dotnet\;C:\WINDOWS\System32\OpenSSH\;C:\MinGW\bin;C:\MinGW\msys\1.0\bin;C:\Program Files (x86)\Intel\Intel(R) Management Engine Components\DAL;C:\Program Files\Intel\Intel(R) Management Engine Components\DAL;C:\Program Files (x86)\Intel\Intel(R) Management Engine Components\IPT;C:\Program Files\Intel\Intel(R) Management Engine Components\IPT;C:\WINDOWS\system32\config\systemprofile\AppData\Local\Microsoft\WindowsApps;;C:\WINDOWS\system32;C:\WINDOWS;C:\WINDOWS\System32\Wbem;C:\WINDOWS\System32\WindowsPowerShell\v1.0\;C:\WINDOWS\System32\OpenSSH\;C:\Program Files\Docker\Docker\resources\bin;C:\ProgramData\DockerDesktop\version-bin;C:\Users\jclee\AppData\Local\Programs\Python\Python37-32\Scripts\;C:\Users\jclee\AppData\Local\Programs\Python\Python37-32\;C:\Users\jclee\AppData\Local\Microsoft\WindowsApps;C:\Users\jclee\AppData\Local\atom\bin;C:\Users\jclee\AppData\Local\Programs\Microsoft VS Code\bin;C:\Users\jclee\AppData\Local\Microsoft\WindowsApps;
USERNAME=jclee
OS=Windows_NT
PROCESSOR_IDENTIFIER=Intel64 Family 6 Model 158 Stepping 9, GenuineIntel



---------------  S Y S T E M  ---------------

OS: Windows 10 , 64 bit Build 19041 (10.0.19041.662)
OS uptime: 11 days 10:26 hours
Hyper-V role detected

CPU:total 8 (initial active 8) (4 cores per cpu, 2 threads per core) family 6 model 158 stepping 9 microcode 0xb4, cmov, cx8, fxsr, mmx, sse, sse2, sse3, ssse3, sse4.1, sse4.2, popcnt, avx, avx2, aes, clmul, erms, 3dnowpref, lzcnt, ht, tsc, tscinvbit, bmi1, bmi2, adx, fma

Memory: 4k page, system-wide physical 16257M (2605M free)
TotalPageFile size 31333M (AvailPageFile size 7M)
current process WorkingSet (physical memory assigned to process): 746M, peak: 746M
current process commit charge ("private bytes"): 870M, peak: 1009M

vm_info: OpenJDK 64-Bit Server VM (11.0.10+9) for windows-amd64 JRE (11.0.10+9), built on Jan 20 2021 06:07:07 by "" with MS VC++ 15.9 (VS2017)

END.
